INFO - 2023-12-01 03:10:25 --> Session: Class initialized using 'CodeIgniter\Session\Handlers\FileHandler' driver.
CRITICAL - 2023-12-01 03:10:25 --> Call to undefined function validation_errors()
in APPPATH\Views\Lokasi\v_input_lokasi.php on line 14.
 1 SYSTEMPATH\View\View.php(228): include()
 2 SYSTEMPATH\View\View.php(231): CodeIgniter\View\View->CodeIgniter\View\{closure}()
 3 SYSTEMPATH\Common.php(1190): CodeIgniter\View\View->render('Lokasi/v_input_lokasi', [], true)
 4 APPPATH\Views\v_template.php(260): view('Lokasi/v_input_lokasi')
 5 SYSTEMPATH\View\View.php(228): include('C:\\xampp\\htdocs\\GIS_Project_v1.2\\app\\Views\\v_template.php')
 6 SYSTEMPATH\View\View.php(231): CodeIgniter\View\View->CodeIgniter\View\{closure}()
 7 SYSTEMPATH\Common.php(1190): CodeIgniter\View\View->render('v_template', [], true)
 8 APPPATH\Controllers\Lokasi.php(27): view('v_template', [...])
 9 SYSTEMPATH\CodeIgniter.php(942): App\Controllers\Lokasi->inputLokasi()
10 SYSTEMPATH\CodeIgniter.php(502): CodeIgniter\CodeIgniter->runController(Object(App\Controllers\Lokasi))
11 SYSTEMPATH\CodeIgniter.php(361): CodeIgniter\CodeIgniter->handleRequest(null, Object(Config\Cache), false)
12 FCPATH\index.php(79): CodeIgniter\CodeIgniter->run()
INFO - 2023-12-01 03:13:59 --> Session: Class initialized using 'CodeIgniter\Session\Handlers\FileHandler' driver.
CRITICAL - 2023-12-01 03:13:59 --> Call to undefined function validation_errors()
in APPPATH\Views\Lokasi\v_input_lokasi.php on line 14.
 1 SYSTEMPATH\View\View.php(228): include()
 2 SYSTEMPATH\View\View.php(231): CodeIgniter\View\View->CodeIgniter\View\{closure}()
 3 SYSTEMPATH\Common.php(1190): CodeIgniter\View\View->render('Lokasi/v_input_lokasi', [], true)
 4 APPPATH\Views\v_template.php(260): view('Lokasi/v_input_lokasi')
 5 SYSTEMPATH\View\View.php(228): include('C:\\xampp\\htdocs\\GIS_Project_v1.2\\app\\Views\\v_template.php')
 6 SYSTEMPATH\View\View.php(231): CodeIgniter\View\View->CodeIgniter\View\{closure}()
 7 SYSTEMPATH\Common.php(1190): CodeIgniter\View\View->render('v_template', [], true)
 8 APPPATH\Controllers\Lokasi.php(27): view('v_template', [...])
 9 SYSTEMPATH\CodeIgniter.php(942): App\Controllers\Lokasi->inputLokasi()
10 SYSTEMPATH\CodeIgniter.php(502): CodeIgniter\CodeIgniter->runController(Object(App\Controllers\Lokasi))
11 SYSTEMPATH\CodeIgniter.php(361): CodeIgniter\CodeIgniter->handleRequest(null, Object(Config\Cache), false)
12 FCPATH\index.php(79): CodeIgniter\CodeIgniter->run()
INFO - 2023-12-01 03:17:40 --> Session: Class initialized using 'CodeIgniter\Session\Handlers\FileHandler' driver.
CRITICAL - 2023-12-01 03:17:40 --> Call to undefined function validation_errors()
in APPPATH\Views\Lokasi\v_input_lokasi.php on line 14.
 1 SYSTEMPATH\View\View.php(228): include()
 2 SYSTEMPATH\View\View.php(231): CodeIgniter\View\View->CodeIgniter\View\{closure}()
 3 SYSTEMPATH\Common.php(1190): CodeIgniter\View\View->render('Lokasi/v_input_lokasi', [], true)
 4 APPPATH\Views\v_template.php(260): view('Lokasi/v_input_lokasi')
 5 SYSTEMPATH\View\View.php(228): include('C:\\xampp\\htdocs\\GIS_Project_v1.2\\app\\Views\\v_template.php')
 6 SYSTEMPATH\View\View.php(231): CodeIgniter\View\View->CodeIgniter\View\{closure}()
 7 SYSTEMPATH\Common.php(1190): CodeIgniter\View\View->render('v_template', [], true)
 8 APPPATH\Controllers\Lokasi.php(27): view('v_template', [...])
 9 SYSTEMPATH\CodeIgniter.php(942): App\Controllers\Lokasi->inputLokasi()
10 SYSTEMPATH\CodeIgniter.php(502): CodeIgniter\CodeIgniter->runController(Object(App\Controllers\Lokasi))
11 SYSTEMPATH\CodeIgniter.php(361): CodeIgniter\CodeIgniter->handleRequest(null, Object(Config\Cache), false)
12 FCPATH\index.php(79): CodeIgniter\CodeIgniter->run()
INFO - 2023-12-01 03:20:37 --> Session: Class initialized using 'CodeIgniter\Session\Handlers\FileHandler' driver.
CRITICAL - 2023-12-01 03:20:37 --> Call to undefined function validation_errors()
in APPPATH\Views\Lokasi\v_input_lokasi.php on line 14.
 1 SYSTEMPATH\View\View.php(228): include()
 2 SYSTEMPATH\View\View.php(231): CodeIgniter\View\View->CodeIgniter\View\{closure}()
 3 SYSTEMPATH\Common.php(1190): CodeIgniter\View\View->render('Lokasi/v_input_lokasi', [], true)
 4 APPPATH\Views\v_template.php(260): view('Lokasi/v_input_lokasi')
 5 SYSTEMPATH\View\View.php(228): include('C:\\xampp\\htdocs\\GIS_Project_v1.2\\app\\Views\\v_template.php')
 6 SYSTEMPATH\View\View.php(231): CodeIgniter\View\View->CodeIgniter\View\{closure}()
 7 SYSTEMPATH\Common.php(1190): CodeIgniter\View\View->render('v_template', [], true)
 8 APPPATH\Controllers\Lokasi.php(27): view('v_template', [...])
 9 SYSTEMPATH\CodeIgniter.php(942): App\Controllers\Lokasi->inputLokasi()
10 SYSTEMPATH\CodeIgniter.php(502): CodeIgniter\CodeIgniter->runController(Object(App\Controllers\Lokasi))
11 SYSTEMPATH\CodeIgniter.php(361): CodeIgniter\CodeIgniter->handleRequest(null, Object(Config\Cache), false)
12 FCPATH\index.php(79): CodeIgniter\CodeIgniter->run()
INFO - 2023-12-01 03:22:02 --> Session: Class initialized using 'CodeIgniter\Session\Handlers\FileHandler' driver.
CRITICAL - 2023-12-01 03:22:02 --> Call to undefined function validation_errors()
in APPPATH\Views\Lokasi\v_input_lokasi.php on line 14.
 1 SYSTEMPATH\View\View.php(228): include()
 2 SYSTEMPATH\View\View.php(231): CodeIgniter\View\View->CodeIgniter\View\{closure}()
 3 SYSTEMPATH\Common.php(1190): CodeIgniter\View\View->render('Lokasi/v_input_lokasi', [], true)
 4 APPPATH\Views\v_template.php(260): view('Lokasi/v_input_lokasi')
 5 SYSTEMPATH\View\View.php(228): include('C:\\xampp\\htdocs\\GIS_Project_v1.2\\app\\Views\\v_template.php')
 6 SYSTEMPATH\View\View.php(231): CodeIgniter\View\View->CodeIgniter\View\{closure}()
 7 SYSTEMPATH\Common.php(1190): CodeIgniter\View\View->render('v_template', [], true)
 8 APPPATH\Controllers\Lokasi.php(27): view('v_template', [...])
 9 SYSTEMPATH\CodeIgniter.php(942): App\Controllers\Lokasi->inputLokasi()
10 SYSTEMPATH\CodeIgniter.php(502): CodeIgniter\CodeIgniter->runController(Object(App\Controllers\Lokasi))
11 SYSTEMPATH\CodeIgniter.php(361): CodeIgniter\CodeIgniter->handleRequest(null, Object(Config\Cache), false)
12 FCPATH\index.php(79): CodeIgniter\CodeIgniter->run()
INFO - 2023-12-01 03:22:04 --> Session: Class initialized using 'CodeIgniter\Session\Handlers\FileHandler' driver.
CRITICAL - 2023-12-01 03:22:04 --> Call to undefined function validation_errors()
in APPPATH\Views\Lokasi\v_input_lokasi.php on line 14.
 1 SYSTEMPATH\View\View.php(228): include()
 2 SYSTEMPATH\View\View.php(231): CodeIgniter\View\View->CodeIgniter\View\{closure}()
 3 SYSTEMPATH\Common.php(1190): CodeIgniter\View\View->render('Lokasi/v_input_lokasi', [], true)
 4 APPPATH\Views\v_template.php(260): view('Lokasi/v_input_lokasi')
 5 SYSTEMPATH\View\View.php(228): include('C:\\xampp\\htdocs\\GIS_Project_v1.2\\app\\Views\\v_template.php')
 6 SYSTEMPATH\View\View.php(231): CodeIgniter\View\View->CodeIgniter\View\{closure}()
 7 SYSTEMPATH\Common.php(1190): CodeIgniter\View\View->render('v_template', [], true)
 8 APPPATH\Controllers\Lokasi.php(27): view('v_template', [...])
 9 SYSTEMPATH\CodeIgniter.php(942): App\Controllers\Lokasi->inputLokasi()
10 SYSTEMPATH\CodeIgniter.php(502): CodeIgniter\CodeIgniter->runController(Object(App\Controllers\Lokasi))
11 SYSTEMPATH\CodeIgniter.php(361): CodeIgniter\CodeIgniter->handleRequest(null, Object(Config\Cache), false)
12 FCPATH\index.php(79): CodeIgniter\CodeIgniter->run()
INFO - 2023-12-01 03:22:05 --> Session: Class initialized using 'CodeIgniter\Session\Handlers\FileHandler' driver.
CRITICAL - 2023-12-01 03:22:05 --> Call to undefined function validation_errors()
in APPPATH\Views\Lokasi\v_input_lokasi.php on line 14.
 1 SYSTEMPATH\View\View.php(228): include()
 2 SYSTEMPATH\View\View.php(231): CodeIgniter\View\View->CodeIgniter\View\{closure}()
 3 SYSTEMPATH\Common.php(1190): CodeIgniter\View\View->render('Lokasi/v_input_lokasi', [], true)
 4 APPPATH\Views\v_template.php(260): view('Lokasi/v_input_lokasi')
 5 SYSTEMPATH\View\View.php(228): include('C:\\xampp\\htdocs\\GIS_Project_v1.2\\app\\Views\\v_template.php')
 6 SYSTEMPATH\View\View.php(231): CodeIgniter\View\View->CodeIgniter\View\{closure}()
 7 SYSTEMPATH\Common.php(1190): CodeIgniter\View\View->render('v_template', [], true)
 8 APPPATH\Controllers\Lokasi.php(27): view('v_template', [...])
 9 SYSTEMPATH\CodeIgniter.php(942): App\Controllers\Lokasi->inputLokasi()
10 SYSTEMPATH\CodeIgniter.php(502): CodeIgniter\CodeIgniter->runController(Object(App\Controllers\Lokasi))
11 SYSTEMPATH\CodeIgniter.php(361): CodeIgniter\CodeIgniter->handleRequest(null, Object(Config\Cache), false)
12 FCPATH\index.php(79): CodeIgniter\CodeIgniter->run()
INFO - 2023-12-01 03:22:09 --> Session: Class initialized using 'CodeIgniter\Session\Handlers\FileHandler' driver.
CRITICAL - 2023-12-01 03:22:09 --> Call to undefined function validation_errors()
in APPPATH\Views\Lokasi\v_input_lokasi.php on line 14.
 1 SYSTEMPATH\View\View.php(228): include()
 2 SYSTEMPATH\View\View.php(231): CodeIgniter\View\View->CodeIgniter\View\{closure}()
 3 SYSTEMPATH\Common.php(1190): CodeIgniter\View\View->render('Lokasi/v_input_lokasi', [], true)
 4 APPPATH\Views\v_template.php(260): view('Lokasi/v_input_lokasi')
 5 SYSTEMPATH\View\View.php(228): include('C:\\xampp\\htdocs\\GIS_Project_v1.2\\app\\Views\\v_template.php')
 6 SYSTEMPATH\View\View.php(231): CodeIgniter\View\View->CodeIgniter\View\{closure}()
 7 SYSTEMPATH\Common.php(1190): CodeIgniter\View\View->render('v_template', [], true)
 8 APPPATH\Controllers\Lokasi.php(27): view('v_template', [...])
 9 SYSTEMPATH\CodeIgniter.php(942): App\Controllers\Lokasi->inputLokasi()
10 SYSTEMPATH\CodeIgniter.php(502): CodeIgniter\CodeIgniter->runController(Object(App\Controllers\Lokasi))
11 SYSTEMPATH\CodeIgniter.php(361): CodeIgniter\CodeIgniter->handleRequest(null, Object(Config\Cache), false)
12 FCPATH\index.php(79): CodeIgniter\CodeIgniter->run()
INFO - 2023-12-01 03:22:20 --> Session: Class initialized using 'CodeIgniter\Session\Handlers\FileHandler' driver.
CRITICAL - 2023-12-01 03:22:20 --> Call to undefined function validation_errors()
in APPPATH\Views\Lokasi\v_input_lokasi.php on line 14.
 1 SYSTEMPATH\View\View.php(228): include()
 2 SYSTEMPATH\View\View.php(231): CodeIgniter\View\View->CodeIgniter\View\{closure}()
 3 SYSTEMPATH\Common.php(1190): CodeIgniter\View\View->render('Lokasi/v_input_lokasi', [], true)
 4 APPPATH\Views\v_template.php(260): view('Lokasi/v_input_lokasi')
 5 SYSTEMPATH\View\View.php(228): include('C:\\xampp\\htdocs\\GIS_Project_v1.2\\app\\Views\\v_template.php')
 6 SYSTEMPATH\View\View.php(231): CodeIgniter\View\View->CodeIgniter\View\{closure}()
 7 SYSTEMPATH\Common.php(1190): CodeIgniter\View\View->render('v_template', [], true)
 8 APPPATH\Controllers\Lokasi.php(27): view('v_template', [...])
 9 SYSTEMPATH\CodeIgniter.php(942): App\Controllers\Lokasi->inputLokasi()
10 SYSTEMPATH\CodeIgniter.php(502): CodeIgniter\CodeIgniter->runController(Object(App\Controllers\Lokasi))
11 SYSTEMPATH\CodeIgniter.php(361): CodeIgniter\CodeIgniter->handleRequest(null, Object(Config\Cache), false)
12 FCPATH\index.php(79): CodeIgniter\CodeIgniter->run()
INFO - 2023-12-01 03:23:15 --> Session: Class initialized using 'CodeIgniter\Session\Handlers\FileHandler' driver.
CRITICAL - 2023-12-01 03:23:15 --> Call to undefined function validation_errors()
in APPPATH\Views\Lokasi\v_input_lokasi.php on line 14.
 1 SYSTEMPATH\View\View.php(228): include()
 2 SYSTEMPATH\View\View.php(231): CodeIgniter\View\View->CodeIgniter\View\{closure}()
 3 SYSTEMPATH\Common.php(1190): CodeIgniter\View\View->render('Lokasi/v_input_lokasi', [], true)
 4 APPPATH\Views\v_template.php(260): view('Lokasi/v_input_lokasi')
 5 SYSTEMPATH\View\View.php(228): include('C:\\xampp\\htdocs\\GIS_Project_v1.2\\app\\Views\\v_template.php')
 6 SYSTEMPATH\View\View.php(231): CodeIgniter\View\View->CodeIgniter\View\{closure}()
 7 SYSTEMPATH\Common.php(1190): CodeIgniter\View\View->render('v_template', [], true)
 8 APPPATH\Controllers\Lokasi.php(27): view('v_template', [...])
 9 SYSTEMPATH\CodeIgniter.php(942): App\Controllers\Lokasi->inputLokasi()
10 SYSTEMPATH\CodeIgniter.php(502): CodeIgniter\CodeIgniter->runController(Object(App\Controllers\Lokasi))
11 SYSTEMPATH\CodeIgniter.php(361): CodeIgniter\CodeIgniter->handleRequest(null, Object(Config\Cache), false)
12 FCPATH\index.php(79): CodeIgniter\CodeIgniter->run()
INFO - 2023-12-01 03:23:19 --> Session: Class initialized using 'CodeIgniter\Session\Handlers\FileHandler' driver.
CRITICAL - 2023-12-01 03:23:19 --> Call to undefined function validation_errors()
in APPPATH\Views\Lokasi\v_input_lokasi.php on line 14.
 1 SYSTEMPATH\View\View.php(228): include()
 2 SYSTEMPATH\View\View.php(231): CodeIgniter\View\View->CodeIgniter\View\{closure}()
 3 SYSTEMPATH\Common.php(1190): CodeIgniter\View\View->render('Lokasi/v_input_lokasi', [], true)
 4 APPPATH\Views\v_template.php(260): view('Lokasi/v_input_lokasi')
 5 SYSTEMPATH\View\View.php(228): include('C:\\xampp\\htdocs\\GIS_Project_v1.2\\app\\Views\\v_template.php')
 6 SYSTEMPATH\View\View.php(231): CodeIgniter\View\View->CodeIgniter\View\{closure}()
 7 SYSTEMPATH\Common.php(1190): CodeIgniter\View\View->render('v_template', [], true)
 8 APPPATH\Controllers\Lokasi.php(27): view('v_template', [...])
 9 SYSTEMPATH\CodeIgniter.php(942): App\Controllers\Lokasi->inputLokasi()
10 SYSTEMPATH\CodeIgniter.php(502): CodeIgniter\CodeIgniter->runController(Object(App\Controllers\Lokasi))
11 SYSTEMPATH\CodeIgniter.php(361): CodeIgniter\CodeIgniter->handleRequest(null, Object(Config\Cache), false)
12 FCPATH\index.php(79): CodeIgniter\CodeIgniter->run()
INFO - 2023-12-01 03:25:26 --> Session: Class initialized using 'CodeIgniter\Session\Handlers\FileHandler' driver.
CRITICAL - 2023-12-01 03:25:26 --> Call to undefined function validation_errors()
in APPPATH\Views\Lokasi\v_input_lokasi.php on line 14.
 1 SYSTEMPATH\View\View.php(228): include()
 2 SYSTEMPATH\View\View.php(231): CodeIgniter\View\View->CodeIgniter\View\{closure}()
 3 SYSTEMPATH\Common.php(1190): CodeIgniter\View\View->render('Lokasi/v_input_lokasi', [], true)
 4 APPPATH\Views\v_template.php(260): view('Lokasi/v_input_lokasi')
 5 SYSTEMPATH\View\View.php(228): include('C:\\xampp\\htdocs\\GIS_Project_v1.2\\app\\Views\\v_template.php')
 6 SYSTEMPATH\View\View.php(231): CodeIgniter\View\View->CodeIgniter\View\{closure}()
 7 SYSTEMPATH\Common.php(1190): CodeIgniter\View\View->render('v_template', [], true)
 8 APPPATH\Controllers\Lokasi.php(27): view('v_template', [...])
 9 SYSTEMPATH\CodeIgniter.php(942): App\Controllers\Lokasi->inputLokasi()
10 SYSTEMPATH\CodeIgniter.php(502): CodeIgniter\CodeIgniter->runController(Object(App\Controllers\Lokasi))
11 SYSTEMPATH\CodeIgniter.php(361): CodeIgniter\CodeIgniter->handleRequest(null, Object(Config\Cache), false)
12 FCPATH\index.php(79): CodeIgniter\CodeIgniter->run()
INFO - 2023-12-01 03:25:32 --> Session: Class initialized using 'CodeIgniter\Session\Handlers\FileHandler' driver.
CRITICAL - 2023-12-01 03:25:32 --> Call to undefined function validation_errors()
in APPPATH\Views\Lokasi\v_input_lokasi.php on line 14.
 1 SYSTEMPATH\View\View.php(228): include()
 2 SYSTEMPATH\View\View.php(231): CodeIgniter\View\View->CodeIgniter\View\{closure}()
 3 SYSTEMPATH\Common.php(1190): CodeIgniter\View\View->render('Lokasi/v_input_lokasi', [], true)
 4 APPPATH\Views\v_template.php(260): view('Lokasi/v_input_lokasi')
 5 SYSTEMPATH\View\View.php(228): include('C:\\xampp\\htdocs\\GIS_Project_v1.2\\app\\Views\\v_template.php')
 6 SYSTEMPATH\View\View.php(231): CodeIgniter\View\View->CodeIgniter\View\{closure}()
 7 SYSTEMPATH\Common.php(1190): CodeIgniter\View\View->render('v_template', [], true)
 8 APPPATH\Controllers\Lokasi.php(27): view('v_template', [...])
 9 SYSTEMPATH\CodeIgniter.php(942): App\Controllers\Lokasi->inputLokasi()
10 SYSTEMPATH\CodeIgniter.php(502): CodeIgniter\CodeIgniter->runController(Object(App\Controllers\Lokasi))
11 SYSTEMPATH\CodeIgniter.php(361): CodeIgniter\CodeIgniter->handleRequest(null, Object(Config\Cache), false)
12 FCPATH\index.php(79): CodeIgniter\CodeIgniter->run()
INFO - 2023-12-01 03:27:40 --> Session: Class initialized using 'CodeIgniter\Session\Handlers\FileHandler' driver.
CRITICAL - 2023-12-01 03:27:40 --> Call to undefined function validation_errors()
in APPPATH\Views\Lokasi\v_input_lokasi.php on line 14.
 1 SYSTEMPATH\View\View.php(228): include()
 2 SYSTEMPATH\View\View.php(231): CodeIgniter\View\View->CodeIgniter\View\{closure}()
 3 SYSTEMPATH\Common.php(1190): CodeIgniter\View\View->render('Lokasi/v_input_lokasi', [], true)
 4 APPPATH\Views\v_template.php(260): view('Lokasi/v_input_lokasi')
 5 SYSTEMPATH\View\View.php(228): include('C:\\xampp\\htdocs\\GIS_Project_v1.2\\app\\Views\\v_template.php')
 6 SYSTEMPATH\View\View.php(231): CodeIgniter\View\View->CodeIgniter\View\{closure}()
 7 SYSTEMPATH\Common.php(1190): CodeIgniter\View\View->render('v_template', [], true)
 8 APPPATH\Controllers\Lokasi.php(27): view('v_template', [...])
 9 SYSTEMPATH\CodeIgniter.php(942): App\Controllers\Lokasi->inputLokasi()
10 SYSTEMPATH\CodeIgniter.php(502): CodeIgniter\CodeIgniter->runController(Object(App\Controllers\Lokasi))
11 SYSTEMPATH\CodeIgniter.php(361): CodeIgniter\CodeIgniter->handleRequest(null, Object(Config\Cache), false)
12 FCPATH\index.php(79): CodeIgniter\CodeIgniter->run()
INFO - 2023-12-01 03:27:51 --> Session: Class initialized using 'CodeIgniter\Session\Handlers\FileHandler' driver.
CRITICAL - 2023-12-01 03:27:51 --> Call to undefined function validation_errors()
in APPPATH\Views\Lokasi\v_input_lokasi.php on line 14.
 1 SYSTEMPATH\View\View.php(228): include()
 2 SYSTEMPATH\View\View.php(231): CodeIgniter\View\View->CodeIgniter\View\{closure}()
 3 SYSTEMPATH\Common.php(1190): CodeIgniter\View\View->render('Lokasi/v_input_lokasi', [], true)
 4 APPPATH\Views\v_template.php(260): view('Lokasi/v_input_lokasi')
 5 SYSTEMPATH\View\View.php(228): include('C:\\xampp\\htdocs\\GIS_Project_v1.2\\app\\Views\\v_template.php')
 6 SYSTEMPATH\View\View.php(231): CodeIgniter\View\View->CodeIgniter\View\{closure}()
 7 SYSTEMPATH\Common.php(1190): CodeIgniter\View\View->render('v_template', [], true)
 8 APPPATH\Controllers\Lokasi.php(27): view('v_template', [...])
 9 SYSTEMPATH\CodeIgniter.php(942): App\Controllers\Lokasi->inputLokasi()
10 SYSTEMPATH\CodeIgniter.php(502): CodeIgniter\CodeIgniter->runController(Object(App\Controllers\Lokasi))
11 SYSTEMPATH\CodeIgniter.php(361): CodeIgniter\CodeIgniter->handleRequest(null, Object(Config\Cache), false)
12 FCPATH\index.php(79): CodeIgniter\CodeIgniter->run()
CRITICAL - 2023-12-01 03:30:31 --> Use of undefined constant form - assumed 'form' (this will throw an Error in a future version of PHP)
in SYSTEMPATH\CodeIgniter.php on line 914.
 1 SYSTEMPATH\CodeIgniter.php(914): CodeIgniter\Debug\Exceptions->errorHandler(2, 'Use of undefined constant form - assumed \'form\' (this will throw an Error in a future version of PHP)', 'C:\\xampp\\htdocs\\GIS_Project_v1.2\\system\\CodeIgniter.php', 914, [])
 2 SYSTEMPATH\CodeIgniter.php(493): CodeIgniter\CodeIgniter->createController()
 3 SYSTEMPATH\CodeIgniter.php(361): CodeIgniter\CodeIgniter->handleRequest(null, Object(Config\Cache), false)
 4 FCPATH\index.php(79): CodeIgniter\CodeIgniter->run()
INFO - 2023-12-01 03:30:39 --> Session: Class initialized using 'CodeIgniter\Session\Handlers\FileHandler' driver.
INFO - 2023-12-01 03:31:03 --> Session: Class initialized using 'CodeIgniter\Session\Handlers\FileHandler' driver.
INFO - 2023-12-01 03:31:45 --> Session: Class initialized using 'CodeIgniter\Session\Handlers\FileHandler' driver.
INFO - 2023-12-01 03:33:05 --> Session: Class initialized using 'CodeIgniter\Session\Handlers\FileHandler' driver.
INFO - 2023-12-01 03:33:10 --> Session: Class initialized using 'CodeIgniter\Session\Handlers\FileHandler' driver.
INFO - 2023-12-01 03:33:14 --> Session: Class initialized using 'CodeIgniter\Session\Handlers\FileHandler' driver.
INFO - 2023-12-01 03:33:14 --> Session: Class initialized using 'CodeIgniter\Session\Handlers\FileHandler' driver.
INFO - 2023-12-01 03:33:21 --> Session: Class initialized using 'CodeIgniter\Session\Handlers\FileHandler' driver.
INFO - 2023-12-01 03:33:33 --> Session: Class initialized using 'CodeIgniter\Session\Handlers\FileHandler' driver.
INFO - 2023-12-01 03:33:41 --> Session: Class initialized using 'CodeIgniter\Session\Handlers\FileHandler' driver.
INFO - 2023-12-01 03:34:22 --> Session: Class initialized using 'CodeIgniter\Session\Handlers\FileHandler' driver.
INFO - 2023-12-01 03:38:17 --> Session: Class initialized using 'CodeIgniter\Session\Handlers\FileHandler' driver.
INFO - 2023-12-01 03:38:29 --> Session: Class initialized using 'CodeIgniter\Session\Handlers\FileHandler' driver.
INFO - 2023-12-01 03:44:51 --> Session: Class initialized using 'CodeIgniter\Session\Handlers\FileHandler' driver.
INFO - 2023-12-01 03:52:16 --> Session: Class initialized using 'CodeIgniter\Session\Handlers\FileHandler' driver.
INFO - 2023-12-01 03:52:29 --> Session: Class initialized using 'CodeIgniter\Session\Handlers\FileHandler' driver.
INFO - 2023-12-01 03:53:02 --> Session: Class initialized using 'CodeIgniter\Session\Handlers\FileHandler' driver.
INFO - 2023-12-01 03:53:04 --> Session: Class initialized using 'CodeIgniter\Session\Handlers\FileHandler' driver.
INFO - 2023-12-01 03:55:08 --> Session: Class initialized using 'CodeIgniter\Session\Handlers\FileHandler' driver.
INFO - 2023-12-01 03:56:23 --> Session: Class initialized using 'CodeIgniter\Session\Handlers\FileHandler' driver.
INFO - 2023-12-01 03:56:35 --> Session: Class initialized using 'CodeIgniter\Session\Handlers\FileHandler' driver.
INFO - 2023-12-01 03:58:12 --> Session: Class initialized using 'CodeIgniter\Session\Handlers\FileHandler' driver.
INFO - 2023-12-01 04:00:13 --> Session: Class initialized using 'CodeIgniter\Session\Handlers\FileHandler' driver.
INFO - 2023-12-01 04:00:41 --> Session: Class initialized using 'CodeIgniter\Session\Handlers\FileHandler' driver.
INFO - 2023-12-01 04:00:51 --> Session: Class initialized using 'CodeIgniter\Session\Handlers\FileHandler' driver.
INFO - 2023-12-01 04:01:13 --> Session: Class initialized using 'CodeIgniter\Session\Handlers\FileHandler' driver.
INFO - 2023-12-01 04:03:25 --> Session: Class initialized using 'CodeIgniter\Session\Handlers\FileHandler' driver.
INFO - 2023-12-01 04:08:31 --> Session: Class initialized using 'CodeIgniter\Session\Handlers\FileHandler' driver.
INFO - 2023-12-01 04:09:01 --> Session: Class initialized using 'CodeIgniter\Session\Handlers\FileHandler' driver.
INFO - 2023-12-01 04:09:09 --> Session: Class initialized using 'CodeIgniter\Session\Handlers\FileHandler' driver.
INFO - 2023-12-01 04:11:45 --> Session: Class initialized using 'CodeIgniter\Session\Handlers\FileHandler' driver.
INFO - 2023-12-01 04:12:06 --> Session: Class initialized using 'CodeIgniter\Session\Handlers\FileHandler' driver.
INFO - 2023-12-01 04:12:19 --> Session: Class initialized using 'CodeIgniter\Session\Handlers\FileHandler' driver.
INFO - 2023-12-01 04:12:27 --> Session: Class initialized using 'CodeIgniter\Session\Handlers\FileHandler' driver.
INFO - 2023-12-01 04:13:21 --> Session: Class initialized using 'CodeIgniter\Session\Handlers\FileHandler' driver.
INFO - 2023-12-01 04:13:29 --> Session: Class initialized using 'CodeIgniter\Session\Handlers\FileHandler' driver.
INFO - 2023-12-01 04:15:11 --> Session: Class initialized using 'CodeIgniter\Session\Handlers\FileHandler' driver.
INFO - 2023-12-01 04:15:40 --> Session: Class initialized using 'CodeIgniter\Session\Handlers\FileHandler' driver.
INFO - 2023-12-01 04:15:40 --> Session: Class initialized using 'CodeIgniter\Session\Handlers\FileHandler' driver.
INFO - 2023-12-01 04:15:49 --> Session: Class initialized using 'CodeIgniter\Session\Handlers\FileHandler' driver.
INFO - 2023-12-01 04:16:12 --> Session: Class initialized using 'CodeIgniter\Session\Handlers\FileHandler' driver.
INFO - 2023-12-01 04:16:22 --> Session: Class initialized using 'CodeIgniter\Session\Handlers\FileHandler' driver.
INFO - 2023-12-01 04:16:58 --> Session: Class initialized using 'CodeIgniter\Session\Handlers\FileHandler' driver.
INFO - 2023-12-01 04:20:14 --> Session: Class initialized using 'CodeIgniter\Session\Handlers\FileHandler' driver.
INFO - 2023-12-01 04:20:23 --> Session: Class initialized using 'CodeIgniter\Session\Handlers\FileHandler' driver.
INFO - 2023-12-01 04:20:28 --> Session: Class initialized using 'CodeIgniter\Session\Handlers\FileHandler' driver.
INFO - 2023-12-01 04:20:34 --> Session: Class initialized using 'CodeIgniter\Session\Handlers\FileHandler' driver.
INFO - 2023-12-01 04:20:37 --> Session: Class initialized using 'CodeIgniter\Session\Handlers\FileHandler' driver.
INFO - 2023-12-01 04:22:40 --> Session: Class initialized using 'CodeIgniter\Session\Handlers\FileHandler' driver.
INFO - 2023-12-01 04:22:44 --> Session: Class initialized using 'CodeIgniter\Session\Handlers\FileHandler' driver.
INFO - 2023-12-01 04:22:47 --> Session: Class initialized using 'CodeIgniter\Session\Handlers\FileHandler' driver.
INFO - 2023-12-01 04:22:51 --> Session: Class initialized using 'CodeIgniter\Session\Handlers\FileHandler' driver.
INFO - 2023-12-01 04:24:32 --> Session: Class initialized using 'CodeIgniter\Session\Handlers\FileHandler' driver.
INFO - 2023-12-01 04:24:37 --> Session: Class initialized using 'CodeIgniter\Session\Handlers\FileHandler' driver.
INFO - 2023-12-01 04:24:40 --> Session: Class initialized using 'CodeIgniter\Session\Handlers\FileHandler' driver.
INFO - 2023-12-01 04:25:21 --> Session: Class initialized using 'CodeIgniter\Session\Handlers\FileHandler' driver.
INFO - 2023-12-01 04:28:33 --> Session: Class initialized using 'CodeIgniter\Session\Handlers\FileHandler' driver.
INFO - 2023-12-01 04:28:37 --> Session: Class initialized using 'CodeIgniter\Session\Handlers\FileHandler' driver.
INFO - 2023-12-01 04:29:55 --> Session: Class initialized using 'CodeIgniter\Session\Handlers\FileHandler' driver.
INFO - 2023-12-01 04:30:00 --> Session: Class initialized using 'CodeIgniter\Session\Handlers\FileHandler' driver.
INFO - 2023-12-01 04:30:04 --> Session: Class initialized using 'CodeIgniter\Session\Handlers\FileHandler' driver.
INFO - 2023-12-01 04:33:38 --> Session: Class initialized using 'CodeIgniter\Session\Handlers\FileHandler' driver.
INFO - 2023-12-01 04:33:41 --> Session: Class initialized using 'CodeIgniter\Session\Handlers\FileHandler' driver.
INFO - 2023-12-01 04:33:43 --> Session: Class initialized using 'CodeIgniter\Session\Handlers\FileHandler' driver.
INFO - 2023-12-01 04:33:48 --> Session: Class initialized using 'CodeIgniter\Session\Handlers\FileHandler' driver.
INFO - 2023-12-01 04:33:49 --> Session: Class initialized using 'CodeIgniter\Session\Handlers\FileHandler' driver.
INFO - 2023-12-01 04:33:53 --> Session: Class initialized using 'CodeIgniter\Session\Handlers\FileHandler' driver.
INFO - 2023-12-01 04:34:03 --> Session: Class initialized using 'CodeIgniter\Session\Handlers\FileHandler' driver.
INFO - 2023-12-01 04:34:10 --> Session: Class initialized using 'CodeIgniter\Session\Handlers\FileHandler' driver.
INFO - 2023-12-01 04:34:11 --> Session: Class initialized using 'CodeIgniter\Session\Handlers\FileHandler' driver.
INFO - 2023-12-01 04:34:28 --> Session: Class initialized using 'CodeIgniter\Session\Handlers\FileHandler' driver.
INFO - 2023-12-01 04:34:57 --> Session: Class initialized using 'CodeIgniter\Session\Handlers\FileHandler' driver.
INFO - 2023-12-01 04:34:58 --> Session: Class initialized using 'CodeIgniter\Session\Handlers\FileHandler' driver.
INFO - 2023-12-01 04:35:12 --> Session: Class initialized using 'CodeIgniter\Session\Handlers\FileHandler' driver.
INFO - 2023-12-01 04:35:37 --> Session: Class initialized using 'CodeIgniter\Session\Handlers\FileHandler' driver.
INFO - 2023-12-01 04:35:41 --> Session: Class initialized using 'CodeIgniter\Session\Handlers\FileHandler' driver.
INFO - 2023-12-01 04:35:46 --> Session: Class initialized using 'CodeIgniter\Session\Handlers\FileHandler' driver.
INFO - 2023-12-01 04:35:46 --> Session: Class initialized using 'CodeIgniter\Session\Handlers\FileHandler' driver.
INFO - 2023-12-01 04:35:51 --> Session: Class initialized using 'CodeIgniter\Session\Handlers\FileHandler' driver.
INFO - 2023-12-01 04:35:51 --> Session: Class initialized using 'CodeIgniter\Session\Handlers\FileHandler' driver.
INFO - 2023-12-01 05:06:01 --> Session: Class initialized using 'CodeIgniter\Session\Handlers\FileHandler' driver.
INFO - 2023-12-01 06:13:11 --> Session: Class initialized using 'CodeIgniter\Session\Handlers\FileHandler' driver.
INFO - 2023-12-01 08:21:00 --> Session: Class initialized using 'CodeIgniter\Session\Handlers\FileHandler' driver.
INFO - 2023-12-01 08:22:37 --> Session: Class initialized using 'CodeIgniter\Session\Handlers\FileHandler' driver.
INFO - 2023-12-01 09:30:47 --> Session: Class initialized using 'CodeIgniter\Session\Handlers\FileHandler' driver.
CRITICAL - 2023-12-01 09:55:32 --> Invalid file: "v_rute.php"
in SYSTEMPATH\Exceptions\FrameworkException.php on line 39.
 1 SYSTEMPATH\View\View.php(216): CodeIgniter\Exceptions\FrameworkException::forInvalidFile('v_rute.php')
 2 SYSTEMPATH\Common.php(1190): CodeIgniter\View\View->render('v_rute', [], true)
 3 APPPATH\Views\v_template.php(279): view('v_rute')
 4 SYSTEMPATH\View\View.php(228): include('C:\\xampp\\htdocs\\GIS_Project_v1.2\\app\\Views\\v_template.php')
 5 SYSTEMPATH\View\View.php(231): CodeIgniter\View\View->CodeIgniter\View\{closure}()
 6 SYSTEMPATH\Common.php(1190): CodeIgniter\View\View->render('v_template', [], true)
 7 APPPATH\Controllers\Home.php(53): view('v_template', [...])
 8 SYSTEMPATH\CodeIgniter.php(942): App\Controllers\Home->rute()
 9 SYSTEMPATH\CodeIgniter.php(502): CodeIgniter\CodeIgniter->runController(Object(App\Controllers\Home))
10 SYSTEMPATH\CodeIgniter.php(361): CodeIgniter\CodeIgniter->handleRequest(null, Object(Config\Cache), false)
11 FCPATH\index.php(79): CodeIgniter\CodeIgniter->run()
CRITICAL - 2023-12-01 09:55:54 --> Invalid file: "v_rute.php"
in SYSTEMPATH\Exceptions\FrameworkException.php on line 39.
 1 SYSTEMPATH\View\View.php(216): CodeIgniter\Exceptions\FrameworkException::forInvalidFile('v_rute.php')
 2 SYSTEMPATH\Common.php(1190): CodeIgniter\View\View->render('v_rute', [], true)
 3 APPPATH\Views\v_template.php(279): view('v_rute')
 4 SYSTEMPATH\View\View.php(228): include('C:\\xampp\\htdocs\\GIS_Project_v1.2\\app\\Views\\v_template.php')
 5 SYSTEMPATH\View\View.php(231): CodeIgniter\View\View->CodeIgniter\View\{closure}()
 6 SYSTEMPATH\Common.php(1190): CodeIgniter\View\View->render('v_template', [], true)
 7 APPPATH\Controllers\Home.php(53): view('v_template', [...])
 8 SYSTEMPATH\CodeIgniter.php(942): App\Controllers\Home->rute()
 9 SYSTEMPATH\CodeIgniter.php(502): CodeIgniter\CodeIgniter->runController(Object(App\Controllers\Home))
10 SYSTEMPATH\CodeIgniter.php(361): CodeIgniter\CodeIgniter->handleRequest(null, Object(Config\Cache), false)
11 FCPATH\index.php(79): CodeIgniter\CodeIgniter->run()
CRITICAL - 2023-12-01 10:04:12 --> Undefined variable: lokasi
in APPPATH\Views\v_rute.php on line 69.
 1 APPPATH\Views\v_rute.php(69): CodeIgniter\Debug\Exceptions->errorHandler(8, 'Undefined variable: lokasi', 'C:\\xampp\\htdocs\\GIS_Project_v1.2\\app\\Views\\v_rute.php', 69, [...])
 2 SYSTEMPATH\View\View.php(228): include('C:\\xampp\\htdocs\\GIS_Project_v1.2\\app\\Views\\v_rute.php')
 3 SYSTEMPATH\View\View.php(231): CodeIgniter\View\View->CodeIgniter\View\{closure}()
 4 SYSTEMPATH\Common.php(1190): CodeIgniter\View\View->render('v_rute', [], true)
 5 APPPATH\Views\v_template.php(279): view('v_rute')
 6 SYSTEMPATH\View\View.php(228): include('C:\\xampp\\htdocs\\GIS_Project_v1.2\\app\\Views\\v_template.php')
 7 SYSTEMPATH\View\View.php(231): CodeIgniter\View\View->CodeIgniter\View\{closure}()
 8 SYSTEMPATH\Common.php(1190): CodeIgniter\View\View->render('v_template', [], true)
 9 APPPATH\Controllers\Home.php(53): view('v_template', [...])
10 SYSTEMPATH\CodeIgniter.php(942): App\Controllers\Home->rute()
11 SYSTEMPATH\CodeIgniter.php(502): CodeIgniter\CodeIgniter->runController(Object(App\Controllers\Home))
12 SYSTEMPATH\CodeIgniter.php(361): CodeIgniter\CodeIgniter->handleRequest(null, Object(Config\Cache), false)
13 FCPATH\index.php(79): CodeIgniter\CodeIgniter->run()
CRITICAL - 2023-12-01 10:04:45 --> Undefined variable: lokasi
in APPPATH\Views\v_rute.php on line 68.
 1 APPPATH\Views\v_rute.php(68): CodeIgniter\Debug\Exceptions->errorHandler(8, 'Undefined variable: lokasi', 'C:\\xampp\\htdocs\\GIS_Project_v1.2\\app\\Views\\v_rute.php', 68, [...])
 2 SYSTEMPATH\View\View.php(228): include('C:\\xampp\\htdocs\\GIS_Project_v1.2\\app\\Views\\v_rute.php')
 3 SYSTEMPATH\View\View.php(231): CodeIgniter\View\View->CodeIgniter\View\{closure}()
 4 SYSTEMPATH\Common.php(1190): CodeIgniter\View\View->render('v_rute', [], true)
 5 APPPATH\Views\v_template.php(279): view('v_rute')
 6 SYSTEMPATH\View\View.php(228): include('C:\\xampp\\htdocs\\GIS_Project_v1.2\\app\\Views\\v_template.php')
 7 SYSTEMPATH\View\View.php(231): CodeIgniter\View\View->CodeIgniter\View\{closure}()
 8 SYSTEMPATH\Common.php(1190): CodeIgniter\View\View->render('v_template', [], true)
 9 APPPATH\Controllers\Home.php(53): view('v_template', [...])
10 SYSTEMPATH\CodeIgniter.php(942): App\Controllers\Home->rute()
11 SYSTEMPATH\CodeIgniter.php(502): CodeIgniter\CodeIgniter->runController(Object(App\Controllers\Home))
12 SYSTEMPATH\CodeIgniter.php(361): CodeIgniter\CodeIgniter->handleRequest(null, Object(Config\Cache), false)
13 FCPATH\index.php(79): CodeIgniter\CodeIgniter->run()
CRITICAL - 2023-12-01 10:05:07 --> Undefined variable: lokasi
in APPPATH\Views\v_rute.php on line 52.
 1 APPPATH\Views\v_rute.php(52): CodeIgniter\Debug\Exceptions->errorHandler(8, 'Undefined variable: lokasi', 'C:\\xampp\\htdocs\\GIS_Project_v1.2\\app\\Views\\v_rute.php', 52, [...])
 2 SYSTEMPATH\View\View.php(228): include('C:\\xampp\\htdocs\\GIS_Project_v1.2\\app\\Views\\v_rute.php')
 3 SYSTEMPATH\View\View.php(231): CodeIgniter\View\View->CodeIgniter\View\{closure}()
 4 SYSTEMPATH\Common.php(1190): CodeIgniter\View\View->render('v_rute', [], true)
 5 APPPATH\Views\v_template.php(279): view('v_rute')
 6 SYSTEMPATH\View\View.php(228): include('C:\\xampp\\htdocs\\GIS_Project_v1.2\\app\\Views\\v_template.php')
 7 SYSTEMPATH\View\View.php(231): CodeIgniter\View\View->CodeIgniter\View\{closure}()
 8 SYSTEMPATH\Common.php(1190): CodeIgniter\View\View->render('v_template', [], true)
 9 APPPATH\Controllers\Home.php(53): view('v_template', [...])
10 SYSTEMPATH\CodeIgniter.php(942): App\Controllers\Home->rute()
11 SYSTEMPATH\CodeIgniter.php(502): CodeIgniter\CodeIgniter->runController(Object(App\Controllers\Home))
12 SYSTEMPATH\CodeIgniter.php(361): CodeIgniter\CodeIgniter->handleRequest(null, Object(Config\Cache), false)
13 FCPATH\index.php(79): CodeIgniter\CodeIgniter->run()
CRITICAL - 2023-12-01 10:06:01 --> Undefined variable: lokasi
in APPPATH\Views\v_rute.php on line 53.
 1 APPPATH\Views\v_rute.php(53): CodeIgniter\Debug\Exceptions->errorHandler(8, 'Undefined variable: lokasi', 'C:\\xampp\\htdocs\\GIS_Project_v1.2\\app\\Views\\v_rute.php', 53, [...])
 2 SYSTEMPATH\View\View.php(228): include('C:\\xampp\\htdocs\\GIS_Project_v1.2\\app\\Views\\v_rute.php')
 3 SYSTEMPATH\View\View.php(231): CodeIgniter\View\View->CodeIgniter\View\{closure}()
 4 SYSTEMPATH\Common.php(1190): CodeIgniter\View\View->render('v_rute', [], true)
 5 APPPATH\Views\v_template.php(279): view('v_rute')
 6 SYSTEMPATH\View\View.php(228): include('C:\\xampp\\htdocs\\GIS_Project_v1.2\\app\\Views\\v_template.php')
 7 SYSTEMPATH\View\View.php(231): CodeIgniter\View\View->CodeIgniter\View\{closure}()
 8 SYSTEMPATH\Common.php(1190): CodeIgniter\View\View->render('v_template', [], true)
 9 APPPATH\Controllers\Home.php(53): view('v_template', [...])
10 SYSTEMPATH\CodeIgniter.php(942): App\Controllers\Home->rute()
11 SYSTEMPATH\CodeIgniter.php(502): CodeIgniter\CodeIgniter->runController(Object(App\Controllers\Home))
12 SYSTEMPATH\CodeIgniter.php(361): CodeIgniter\CodeIgniter->handleRequest(null, Object(Config\Cache), false)
13 FCPATH\index.php(79): CodeIgniter\CodeIgniter->run()
CRITICAL - 2023-12-01 10:06:03 --> Undefined variable: lokasi
in APPPATH\Views\v_rute.php on line 53.
 1 APPPATH\Views\v_rute.php(53): CodeIgniter\Debug\Exceptions->errorHandler(8, 'Undefined variable: lokasi', 'C:\\xampp\\htdocs\\GIS_Project_v1.2\\app\\Views\\v_rute.php', 53, [...])
 2 SYSTEMPATH\View\View.php(228): include('C:\\xampp\\htdocs\\GIS_Project_v1.2\\app\\Views\\v_rute.php')
 3 SYSTEMPATH\View\View.php(231): CodeIgniter\View\View->CodeIgniter\View\{closure}()
 4 SYSTEMPATH\Common.php(1190): CodeIgniter\View\View->render('v_rute', [], true)
 5 APPPATH\Views\v_template.php(279): view('v_rute')
 6 SYSTEMPATH\View\View.php(228): include('C:\\xampp\\htdocs\\GIS_Project_v1.2\\app\\Views\\v_template.php')
 7 SYSTEMPATH\View\View.php(231): CodeIgniter\View\View->CodeIgniter\View\{closure}()
 8 SYSTEMPATH\Common.php(1190): CodeIgniter\View\View->render('v_template', [], true)
 9 APPPATH\Controllers\Home.php(53): view('v_template', [...])
10 SYSTEMPATH\CodeIgniter.php(942): App\Controllers\Home->rute()
11 SYSTEMPATH\CodeIgniter.php(502): CodeIgniter\CodeIgniter->runController(Object(App\Controllers\Home))
12 SYSTEMPATH\CodeIgniter.php(361): CodeIgniter\CodeIgniter->handleRequest(null, Object(Config\Cache), false)
13 FCPATH\index.php(79): CodeIgniter\CodeIgniter->run()
CRITICAL - 2023-12-01 10:06:05 --> Undefined variable: lokasi
in APPPATH\Views\v_rute.php on line 53.
 1 APPPATH\Views\v_rute.php(53): CodeIgniter\Debug\Exceptions->errorHandler(8, 'Undefined variable: lokasi', 'C:\\xampp\\htdocs\\GIS_Project_v1.2\\app\\Views\\v_rute.php', 53, [...])
 2 SYSTEMPATH\View\View.php(228): include('C:\\xampp\\htdocs\\GIS_Project_v1.2\\app\\Views\\v_rute.php')
 3 SYSTEMPATH\View\View.php(231): CodeIgniter\View\View->CodeIgniter\View\{closure}()
 4 SYSTEMPATH\Common.php(1190): CodeIgniter\View\View->render('v_rute', [], true)
 5 APPPATH\Views\v_template.php(279): view('v_rute')
 6 SYSTEMPATH\View\View.php(228): include('C:\\xampp\\htdocs\\GIS_Project_v1.2\\app\\Views\\v_template.php')
 7 SYSTEMPATH\View\View.php(231): CodeIgniter\View\View->CodeIgniter\View\{closure}()
 8 SYSTEMPATH\Common.php(1190): CodeIgniter\View\View->render('v_template', [], true)
 9 APPPATH\Controllers\Home.php(53): view('v_template', [...])
10 SYSTEMPATH\CodeIgniter.php(942): App\Controllers\Home->rute()
11 SYSTEMPATH\CodeIgniter.php(502): CodeIgniter\CodeIgniter->runController(Object(App\Controllers\Home))
12 SYSTEMPATH\CodeIgniter.php(361): CodeIgniter\CodeIgniter->handleRequest(null, Object(Config\Cache), false)
13 FCPATH\index.php(79): CodeIgniter\CodeIgniter->run()
INFO - 2023-12-01 10:07:26 --> Session: Class initialized using 'CodeIgniter\Session\Handlers\FileHandler' driver.
CRITICAL - 2023-12-01 10:08:20 --> Undefined variable: lokasi
in APPPATH\Views\v_base_map.php on line 44.
 1 APPPATH\Views\v_base_map.php(44): CodeIgniter\Debug\Exceptions->errorHandler(8, 'Undefined variable: lokasi', 'C:\\xampp\\htdocs\\GIS_Project_v1.2\\app\\Views\\v_base_map.php', 44, [...])
 2 SYSTEMPATH\View\View.php(228): include('C:\\xampp\\htdocs\\GIS_Project_v1.2\\app\\Views\\v_base_map.php')
 3 SYSTEMPATH\View\View.php(231): CodeIgniter\View\View->CodeIgniter\View\{closure}()
 4 SYSTEMPATH\Common.php(1190): CodeIgniter\View\View->render('v_base_map', [], true)
 5 APPPATH\Views\v_template.php(279): view('v_base_map')
 6 SYSTEMPATH\View\View.php(228): include('C:\\xampp\\htdocs\\GIS_Project_v1.2\\app\\Views\\v_template.php')
 7 SYSTEMPATH\View\View.php(231): CodeIgniter\View\View->CodeIgniter\View\{closure}()
 8 SYSTEMPATH\Common.php(1190): CodeIgniter\View\View->render('v_template', [], true)
 9 APPPATH\Controllers\Home.php(21): view('v_template', [...])
10 SYSTEMPATH\CodeIgniter.php(942): App\Controllers\Home->baseMap()
11 SYSTEMPATH\CodeIgniter.php(502): CodeIgniter\CodeIgniter->runController(Object(App\Controllers\Home))
12 SYSTEMPATH\CodeIgniter.php(361): CodeIgniter\CodeIgniter->handleRequest(null, Object(Config\Cache), false)
13 FCPATH\index.php(79): CodeIgniter\CodeIgniter->run()
CRITICAL - 2023-12-01 10:10:02 --> Invalid file: "v_rute.php"
in SYSTEMPATH\Exceptions\FrameworkException.php on line 39.
 1 SYSTEMPATH\View\View.php(216): CodeIgniter\Exceptions\FrameworkException::forInvalidFile('v_rute.php')
 2 SYSTEMPATH\Common.php(1190): CodeIgniter\View\View->render('v_rute', [], true)
 3 APPPATH\Views\v_template.php(279): view('v_rute')
 4 SYSTEMPATH\View\View.php(228): include('C:\\xampp\\htdocs\\GIS_Project_v1.2\\app\\Views\\v_template.php')
 5 SYSTEMPATH\View\View.php(231): CodeIgniter\View\View->CodeIgniter\View\{closure}()
 6 SYSTEMPATH\Common.php(1190): CodeIgniter\View\View->render('v_template', [], true)
 7 APPPATH\Controllers\Lokasi.php(198): view('v_template', [...])
 8 SYSTEMPATH\CodeIgniter.php(942): App\Controllers\Lokasi->rute()
 9 SYSTEMPATH\CodeIgniter.php(502): CodeIgniter\CodeIgniter->runController(Object(App\Controllers\Lokasi))
10 SYSTEMPATH\CodeIgniter.php(361): CodeIgniter\CodeIgniter->handleRequest(null, Object(Config\Cache), false)
11 FCPATH\index.php(79): CodeIgniter\CodeIgniter->run()
CRITICAL - 2023-12-01 10:11:22 --> Undefined variable: lokasi
in APPPATH\Views\Lokasi\v_rute.php on line 96.
 1 APPPATH\Views\Lokasi\v_rute.php(96): CodeIgniter\Debug\Exceptions->errorHandler(8, 'Undefined variable: lokasi', 'C:\\xampp\\htdocs\\GIS_Project_v1.2\\app\\Views\\Lokasi\\v_rute.php', 96, [...])
 2 SYSTEMPATH\View\View.php(228): include('C:\\xampp\\htdocs\\GIS_Project_v1.2\\app\\Views\\Lokasi\\v_rute.php')
 3 SYSTEMPATH\View\View.php(231): CodeIgniter\View\View->CodeIgniter\View\{closure}()
 4 SYSTEMPATH\Common.php(1190): CodeIgniter\View\View->render('/lokasi/v_rute', [], true)
 5 APPPATH\Views\v_template.php(279): view('/lokasi/v_rute')
 6 SYSTEMPATH\View\View.php(228): include('C:\\xampp\\htdocs\\GIS_Project_v1.2\\app\\Views\\v_template.php')
 7 SYSTEMPATH\View\View.php(231): CodeIgniter\View\View->CodeIgniter\View\{closure}()
 8 SYSTEMPATH\Common.php(1190): CodeIgniter\View\View->render('v_template', [], true)
 9 APPPATH\Controllers\Lokasi.php(198): view('v_template', [...])
10 SYSTEMPATH\CodeIgniter.php(942): App\Controllers\Lokasi->rute()
11 SYSTEMPATH\CodeIgniter.php(502): CodeIgniter\CodeIgniter->runController(Object(App\Controllers\Lokasi))
12 SYSTEMPATH\CodeIgniter.php(361): CodeIgniter\CodeIgniter->handleRequest(null, Object(Config\Cache), false)
13 FCPATH\index.php(79): CodeIgniter\CodeIgniter->run()
CRITICAL - 2023-12-01 10:12:37 --> Undefined variable: lokasi
in APPPATH\Views\Lokasi\v_rute.php on line 72.
 1 APPPATH\Views\Lokasi\v_rute.php(72): CodeIgniter\Debug\Exceptions->errorHandler(8, 'Undefined variable: lokasi', 'C:\\xampp\\htdocs\\GIS_Project_v1.2\\app\\Views\\Lokasi\\v_rute.php', 72, [...])
 2 SYSTEMPATH\View\View.php(228): include('C:\\xampp\\htdocs\\GIS_Project_v1.2\\app\\Views\\Lokasi\\v_rute.php')
 3 SYSTEMPATH\View\View.php(231): CodeIgniter\View\View->CodeIgniter\View\{closure}()
 4 SYSTEMPATH\Common.php(1190): CodeIgniter\View\View->render('/lokasi/v_rute', [], true)
 5 APPPATH\Views\v_template.php(279): view('/lokasi/v_rute')
 6 SYSTEMPATH\View\View.php(228): include('C:\\xampp\\htdocs\\GIS_Project_v1.2\\app\\Views\\v_template.php')
 7 SYSTEMPATH\View\View.php(231): CodeIgniter\View\View->CodeIgniter\View\{closure}()
 8 SYSTEMPATH\Common.php(1190): CodeIgniter\View\View->render('v_template', [], true)
 9 APPPATH\Controllers\Lokasi.php(198): view('v_template', [...])
10 SYSTEMPATH\CodeIgniter.php(942): App\Controllers\Lokasi->rute()
11 SYSTEMPATH\CodeIgniter.php(502): CodeIgniter\CodeIgniter->runController(Object(App\Controllers\Lokasi))
12 SYSTEMPATH\CodeIgniter.php(361): CodeIgniter\CodeIgniter->handleRequest(null, Object(Config\Cache), false)
13 FCPATH\index.php(79): CodeIgniter\CodeIgniter->run()
INFO - 2023-12-01 10:13:18 --> Session: Class initialized using 'CodeIgniter\Session\Handlers\FileHandler' driver.
CRITICAL - 2023-12-01 10:13:18 --> Undefined variable: lokasi
in APPPATH\Views\Lokasi\v_rute.php on line 24.
 1 APPPATH\Views\Lokasi\v_rute.php(24): CodeIgniter\Debug\Exceptions->errorHandler(8, 'Undefined variable: lokasi', 'C:\\xampp\\htdocs\\GIS_Project_v1.2\\app\\Views\\Lokasi\\v_rute.php', 24, [...])
 2 SYSTEMPATH\View\View.php(228): include('C:\\xampp\\htdocs\\GIS_Project_v1.2\\app\\Views\\Lokasi\\v_rute.php')
 3 SYSTEMPATH\View\View.php(231): CodeIgniter\View\View->CodeIgniter\View\{closure}()
 4 SYSTEMPATH\Common.php(1190): CodeIgniter\View\View->render('/lokasi/v_rute', [], true)
 5 APPPATH\Views\v_template.php(279): view('/lokasi/v_rute')
 6 SYSTEMPATH\View\View.php(228): include('C:\\xampp\\htdocs\\GIS_Project_v1.2\\app\\Views\\v_template.php')
 7 SYSTEMPATH\View\View.php(231): CodeIgniter\View\View->CodeIgniter\View\{closure}()
 8 SYSTEMPATH\Common.php(1190): CodeIgniter\View\View->render('v_template', [], true)
 9 APPPATH\Controllers\Lokasi.php(198): view('v_template', [...])
10 SYSTEMPATH\CodeIgniter.php(942): App\Controllers\Lokasi->rute()
11 SYSTEMPATH\CodeIgniter.php(502): CodeIgniter\CodeIgniter->runController(Object(App\Controllers\Lokasi))
12 SYSTEMPATH\CodeIgniter.php(361): CodeIgniter\CodeIgniter->handleRequest(null, Object(Config\Cache), false)
13 FCPATH\index.php(79): CodeIgniter\CodeIgniter->run()
INFO - 2023-12-01 10:13:19 --> Session: Class initialized using 'CodeIgniter\Session\Handlers\FileHandler' driver.
CRITICAL - 2023-12-01 10:13:19 --> Undefined variable: lokasi
in APPPATH\Views\Lokasi\v_rute.php on line 24.
 1 APPPATH\Views\Lokasi\v_rute.php(24): CodeIgniter\Debug\Exceptions->errorHandler(8, 'Undefined variable: lokasi', 'C:\\xampp\\htdocs\\GIS_Project_v1.2\\app\\Views\\Lokasi\\v_rute.php', 24, [...])
 2 SYSTEMPATH\View\View.php(228): include('C:\\xampp\\htdocs\\GIS_Project_v1.2\\app\\Views\\Lokasi\\v_rute.php')
 3 SYSTEMPATH\View\View.php(231): CodeIgniter\View\View->CodeIgniter\View\{closure}()
 4 SYSTEMPATH\Common.php(1190): CodeIgniter\View\View->render('/lokasi/v_rute', [], true)
 5 APPPATH\Views\v_template.php(279): view('/lokasi/v_rute')
 6 SYSTEMPATH\View\View.php(228): include('C:\\xampp\\htdocs\\GIS_Project_v1.2\\app\\Views\\v_template.php')
 7 SYSTEMPATH\View\View.php(231): CodeIgniter\View\View->CodeIgniter\View\{closure}()
 8 SYSTEMPATH\Common.php(1190): CodeIgniter\View\View->render('v_template', [], true)
 9 APPPATH\Controllers\Lokasi.php(198): view('v_template', [...])
10 SYSTEMPATH\CodeIgniter.php(942): App\Controllers\Lokasi->rute()
11 SYSTEMPATH\CodeIgniter.php(502): CodeIgniter\CodeIgniter->runController(Object(App\Controllers\Lokasi))
12 SYSTEMPATH\CodeIgniter.php(361): CodeIgniter\CodeIgniter->handleRequest(null, Object(Config\Cache), false)
13 FCPATH\index.php(79): CodeIgniter\CodeIgniter->run()
INFO - 2023-12-01 10:13:20 --> Session: Class initialized using 'CodeIgniter\Session\Handlers\FileHandler' driver.
CRITICAL - 2023-12-01 10:13:20 --> Undefined variable: lokasi
in APPPATH\Views\Lokasi\v_rute.php on line 24.
 1 APPPATH\Views\Lokasi\v_rute.php(24): CodeIgniter\Debug\Exceptions->errorHandler(8, 'Undefined variable: lokasi', 'C:\\xampp\\htdocs\\GIS_Project_v1.2\\app\\Views\\Lokasi\\v_rute.php', 24, [...])
 2 SYSTEMPATH\View\View.php(228): include('C:\\xampp\\htdocs\\GIS_Project_v1.2\\app\\Views\\Lokasi\\v_rute.php')
 3 SYSTEMPATH\View\View.php(231): CodeIgniter\View\View->CodeIgniter\View\{closure}()
 4 SYSTEMPATH\Common.php(1190): CodeIgniter\View\View->render('/lokasi/v_rute', [], true)
 5 APPPATH\Views\v_template.php(279): view('/lokasi/v_rute')
 6 SYSTEMPATH\View\View.php(228): include('C:\\xampp\\htdocs\\GIS_Project_v1.2\\app\\Views\\v_template.php')
 7 SYSTEMPATH\View\View.php(231): CodeIgniter\View\View->CodeIgniter\View\{closure}()
 8 SYSTEMPATH\Common.php(1190): CodeIgniter\View\View->render('v_template', [], true)
 9 APPPATH\Controllers\Lokasi.php(198): view('v_template', [...])
10 SYSTEMPATH\CodeIgniter.php(942): App\Controllers\Lokasi->rute()
11 SYSTEMPATH\CodeIgniter.php(502): CodeIgniter\CodeIgniter->runController(Object(App\Controllers\Lokasi))
12 SYSTEMPATH\CodeIgniter.php(361): CodeIgniter\CodeIgniter->handleRequest(null, Object(Config\Cache), false)
13 FCPATH\index.php(79): CodeIgniter\CodeIgniter->run()
INFO - 2023-12-01 10:13:20 --> Session: Class initialized using 'CodeIgniter\Session\Handlers\FileHandler' driver.
CRITICAL - 2023-12-01 10:13:20 --> Undefined variable: lokasi
in APPPATH\Views\Lokasi\v_rute.php on line 24.
 1 APPPATH\Views\Lokasi\v_rute.php(24): CodeIgniter\Debug\Exceptions->errorHandler(8, 'Undefined variable: lokasi', 'C:\\xampp\\htdocs\\GIS_Project_v1.2\\app\\Views\\Lokasi\\v_rute.php', 24, [...])
 2 SYSTEMPATH\View\View.php(228): include('C:\\xampp\\htdocs\\GIS_Project_v1.2\\app\\Views\\Lokasi\\v_rute.php')
 3 SYSTEMPATH\View\View.php(231): CodeIgniter\View\View->CodeIgniter\View\{closure}()
 4 SYSTEMPATH\Common.php(1190): CodeIgniter\View\View->render('/lokasi/v_rute', [], true)
 5 APPPATH\Views\v_template.php(279): view('/lokasi/v_rute')
 6 SYSTEMPATH\View\View.php(228): include('C:\\xampp\\htdocs\\GIS_Project_v1.2\\app\\Views\\v_template.php')
 7 SYSTEMPATH\View\View.php(231): CodeIgniter\View\View->CodeIgniter\View\{closure}()
 8 SYSTEMPATH\Common.php(1190): CodeIgniter\View\View->render('v_template', [], true)
 9 APPPATH\Controllers\Lokasi.php(198): view('v_template', [...])
10 SYSTEMPATH\CodeIgniter.php(942): App\Controllers\Lokasi->rute()
11 SYSTEMPATH\CodeIgniter.php(502): CodeIgniter\CodeIgniter->runController(Object(App\Controllers\Lokasi))
12 SYSTEMPATH\CodeIgniter.php(361): CodeIgniter\CodeIgniter->handleRequest(null, Object(Config\Cache), false)
13 FCPATH\index.php(79): CodeIgniter\CodeIgniter->run()
CRITICAL - 2023-12-01 10:13:42 --> Undefined variable: lokasi
in APPPATH\Views\Lokasi\v_rute.php on line 45.
 1 APPPATH\Views\Lokasi\v_rute.php(45): CodeIgniter\Debug\Exceptions->errorHandler(8, 'Undefined variable: lokasi', 'C:\\xampp\\htdocs\\GIS_Project_v1.2\\app\\Views\\Lokasi\\v_rute.php', 45, [...])
 2 SYSTEMPATH\View\View.php(228): include('C:\\xampp\\htdocs\\GIS_Project_v1.2\\app\\Views\\Lokasi\\v_rute.php')
 3 SYSTEMPATH\View\View.php(231): CodeIgniter\View\View->CodeIgniter\View\{closure}()
 4 SYSTEMPATH\Common.php(1190): CodeIgniter\View\View->render('/lokasi/v_rute', [], true)
 5 APPPATH\Views\v_template.php(279): view('/lokasi/v_rute')
 6 SYSTEMPATH\View\View.php(228): include('C:\\xampp\\htdocs\\GIS_Project_v1.2\\app\\Views\\v_template.php')
 7 SYSTEMPATH\View\View.php(231): CodeIgniter\View\View->CodeIgniter\View\{closure}()
 8 SYSTEMPATH\Common.php(1190): CodeIgniter\View\View->render('v_template', [], true)
 9 APPPATH\Controllers\Lokasi.php(198): view('v_template', [...])
10 SYSTEMPATH\CodeIgniter.php(942): App\Controllers\Lokasi->rute()
11 SYSTEMPATH\CodeIgniter.php(502): CodeIgniter\CodeIgniter->runController(Object(App\Controllers\Lokasi))
12 SYSTEMPATH\CodeIgniter.php(361): CodeIgniter\CodeIgniter->handleRequest(null, Object(Config\Cache), false)
13 FCPATH\index.php(79): CodeIgniter\CodeIgniter->run()
CRITICAL - 2023-12-01 10:13:43 --> Undefined variable: lokasi
in APPPATH\Views\Lokasi\v_rute.php on line 45.
 1 APPPATH\Views\Lokasi\v_rute.php(45): CodeIgniter\Debug\Exceptions->errorHandler(8, 'Undefined variable: lokasi', 'C:\\xampp\\htdocs\\GIS_Project_v1.2\\app\\Views\\Lokasi\\v_rute.php', 45, [...])
 2 SYSTEMPATH\View\View.php(228): include('C:\\xampp\\htdocs\\GIS_Project_v1.2\\app\\Views\\Lokasi\\v_rute.php')
 3 SYSTEMPATH\View\View.php(231): CodeIgniter\View\View->CodeIgniter\View\{closure}()
 4 SYSTEMPATH\Common.php(1190): CodeIgniter\View\View->render('/lokasi/v_rute', [], true)
 5 APPPATH\Views\v_template.php(279): view('/lokasi/v_rute')
 6 SYSTEMPATH\View\View.php(228): include('C:\\xampp\\htdocs\\GIS_Project_v1.2\\app\\Views\\v_template.php')
 7 SYSTEMPATH\View\View.php(231): CodeIgniter\View\View->CodeIgniter\View\{closure}()
 8 SYSTEMPATH\Common.php(1190): CodeIgniter\View\View->render('v_template', [], true)
 9 APPPATH\Controllers\Lokasi.php(198): view('v_template', [...])
10 SYSTEMPATH\CodeIgniter.php(942): App\Controllers\Lokasi->rute()
11 SYSTEMPATH\CodeIgniter.php(502): CodeIgniter\CodeIgniter->runController(Object(App\Controllers\Lokasi))
12 SYSTEMPATH\CodeIgniter.php(361): CodeIgniter\CodeIgniter->handleRequest(null, Object(Config\Cache), false)
13 FCPATH\index.php(79): CodeIgniter\CodeIgniter->run()
CRITICAL - 2023-12-01 10:13:44 --> Undefined variable: lokasi
in APPPATH\Views\Lokasi\v_rute.php on line 45.
 1 APPPATH\Views\Lokasi\v_rute.php(45): CodeIgniter\Debug\Exceptions->errorHandler(8, 'Undefined variable: lokasi', 'C:\\xampp\\htdocs\\GIS_Project_v1.2\\app\\Views\\Lokasi\\v_rute.php', 45, [...])
 2 SYSTEMPATH\View\View.php(228): include('C:\\xampp\\htdocs\\GIS_Project_v1.2\\app\\Views\\Lokasi\\v_rute.php')
 3 SYSTEMPATH\View\View.php(231): CodeIgniter\View\View->CodeIgniter\View\{closure}()
 4 SYSTEMPATH\Common.php(1190): CodeIgniter\View\View->render('/lokasi/v_rute', [], true)
 5 APPPATH\Views\v_template.php(279): view('/lokasi/v_rute')
 6 SYSTEMPATH\View\View.php(228): include('C:\\xampp\\htdocs\\GIS_Project_v1.2\\app\\Views\\v_template.php')
 7 SYSTEMPATH\View\View.php(231): CodeIgniter\View\View->CodeIgniter\View\{closure}()
 8 SYSTEMPATH\Common.php(1190): CodeIgniter\View\View->render('v_template', [], true)
 9 APPPATH\Controllers\Lokasi.php(198): view('v_template', [...])
10 SYSTEMPATH\CodeIgniter.php(942): App\Controllers\Lokasi->rute()
11 SYSTEMPATH\CodeIgniter.php(502): CodeIgniter\CodeIgniter->runController(Object(App\Controllers\Lokasi))
12 SYSTEMPATH\CodeIgniter.php(361): CodeIgniter\CodeIgniter->handleRequest(null, Object(Config\Cache), false)
13 FCPATH\index.php(79): CodeIgniter\CodeIgniter->run()
CRITICAL - 2023-12-01 10:13:44 --> Undefined variable: lokasi
in APPPATH\Views\Lokasi\v_rute.php on line 45.
 1 APPPATH\Views\Lokasi\v_rute.php(45): CodeIgniter\Debug\Exceptions->errorHandler(8, 'Undefined variable: lokasi', 'C:\\xampp\\htdocs\\GIS_Project_v1.2\\app\\Views\\Lokasi\\v_rute.php', 45, [...])
 2 SYSTEMPATH\View\View.php(228): include('C:\\xampp\\htdocs\\GIS_Project_v1.2\\app\\Views\\Lokasi\\v_rute.php')
 3 SYSTEMPATH\View\View.php(231): CodeIgniter\View\View->CodeIgniter\View\{closure}()
 4 SYSTEMPATH\Common.php(1190): CodeIgniter\View\View->render('/lokasi/v_rute', [], true)
 5 APPPATH\Views\v_template.php(279): view('/lokasi/v_rute')
 6 SYSTEMPATH\View\View.php(228): include('C:\\xampp\\htdocs\\GIS_Project_v1.2\\app\\Views\\v_template.php')
 7 SYSTEMPATH\View\View.php(231): CodeIgniter\View\View->CodeIgniter\View\{closure}()
 8 SYSTEMPATH\Common.php(1190): CodeIgniter\View\View->render('v_template', [], true)
 9 APPPATH\Controllers\Lokasi.php(198): view('v_template', [...])
10 SYSTEMPATH\CodeIgniter.php(942): App\Controllers\Lokasi->rute()
11 SYSTEMPATH\CodeIgniter.php(502): CodeIgniter\CodeIgniter->runController(Object(App\Controllers\Lokasi))
12 SYSTEMPATH\CodeIgniter.php(361): CodeIgniter\CodeIgniter->handleRequest(null, Object(Config\Cache), false)
13 FCPATH\index.php(79): CodeIgniter\CodeIgniter->run()
INFO - 2023-12-01 10:14:35 --> Session: Class initialized using 'CodeIgniter\Session\Handlers\FileHandler' driver.
INFO - 2023-12-01 10:14:38 --> Session: Class initialized using 'CodeIgniter\Session\Handlers\FileHandler' driver.
INFO - 2023-12-01 10:15:48 --> Session: Class initialized using 'CodeIgniter\Session\Handlers\FileHandler' driver.
CRITICAL - 2023-12-01 10:19:23 --> Undefined variable: lokasi
in APPPATH\Views\Lokasi\v_rute.php on line 70.
 1 APPPATH\Views\Lokasi\v_rute.php(70): CodeIgniter\Debug\Exceptions->errorHandler(8, 'Undefined variable: lokasi', 'C:\\xampp\\htdocs\\GIS_Project_v1.2\\app\\Views\\Lokasi\\v_rute.php', 70, [...])
 2 SYSTEMPATH\View\View.php(228): include('C:\\xampp\\htdocs\\GIS_Project_v1.2\\app\\Views\\Lokasi\\v_rute.php')
 3 SYSTEMPATH\View\View.php(231): CodeIgniter\View\View->CodeIgniter\View\{closure}()
 4 SYSTEMPATH\Common.php(1190): CodeIgniter\View\View->render('/lokasi/v_rute', [], true)
 5 APPPATH\Views\v_template.php(279): view('/lokasi/v_rute')
 6 SYSTEMPATH\View\View.php(228): include('C:\\xampp\\htdocs\\GIS_Project_v1.2\\app\\Views\\v_template.php')
 7 SYSTEMPATH\View\View.php(231): CodeIgniter\View\View->CodeIgniter\View\{closure}()
 8 SYSTEMPATH\Common.php(1190): CodeIgniter\View\View->render('v_template', [], true)
 9 APPPATH\Controllers\Lokasi.php(198): view('v_template', [...])
10 SYSTEMPATH\CodeIgniter.php(942): App\Controllers\Lokasi->rute()
11 SYSTEMPATH\CodeIgniter.php(502): CodeIgniter\CodeIgniter->runController(Object(App\Controllers\Lokasi))
12 SYSTEMPATH\CodeIgniter.php(361): CodeIgniter\CodeIgniter->handleRequest(null, Object(Config\Cache), false)
13 FCPATH\index.php(79): CodeIgniter\CodeIgniter->run()
CRITICAL - 2023-12-01 10:19:34 --> Undefined variable: lokasi
in APPPATH\Views\Lokasi\v_rute.php on line 70.
 1 APPPATH\Views\Lokasi\v_rute.php(70): CodeIgniter\Debug\Exceptions->errorHandler(8, 'Undefined variable: lokasi', 'C:\\xampp\\htdocs\\GIS_Project_v1.2\\app\\Views\\Lokasi\\v_rute.php', 70, [...])
 2 SYSTEMPATH\View\View.php(228): include('C:\\xampp\\htdocs\\GIS_Project_v1.2\\app\\Views\\Lokasi\\v_rute.php')
 3 SYSTEMPATH\View\View.php(231): CodeIgniter\View\View->CodeIgniter\View\{closure}()
 4 SYSTEMPATH\Common.php(1190): CodeIgniter\View\View->render('/lokasi/v_rute', [], true)
 5 APPPATH\Views\v_template.php(279): view('/lokasi/v_rute')
 6 SYSTEMPATH\View\View.php(228): include('C:\\xampp\\htdocs\\GIS_Project_v1.2\\app\\Views\\v_template.php')
 7 SYSTEMPATH\View\View.php(231): CodeIgniter\View\View->CodeIgniter\View\{closure}()
 8 SYSTEMPATH\Common.php(1190): CodeIgniter\View\View->render('v_template', [], true)
 9 APPPATH\Controllers\Lokasi.php(198): view('v_template', [...])
10 SYSTEMPATH\CodeIgniter.php(942): App\Controllers\Lokasi->rute()
11 SYSTEMPATH\CodeIgniter.php(502): CodeIgniter\CodeIgniter->runController(Object(App\Controllers\Lokasi))
12 SYSTEMPATH\CodeIgniter.php(361): CodeIgniter\CodeIgniter->handleRequest(null, Object(Config\Cache), false)
13 FCPATH\index.php(79): CodeIgniter\CodeIgniter->run()
CRITICAL - 2023-12-01 10:20:09 --> Undefined variable: lokasi
in APPPATH\Views\Lokasi\v_rute.php on line 45.
 1 APPPATH\Views\Lokasi\v_rute.php(45): CodeIgniter\Debug\Exceptions->errorHandler(8, 'Undefined variable: lokasi', 'C:\\xampp\\htdocs\\GIS_Project_v1.2\\app\\Views\\Lokasi\\v_rute.php', 45, [...])
 2 SYSTEMPATH\View\View.php(228): include('C:\\xampp\\htdocs\\GIS_Project_v1.2\\app\\Views\\Lokasi\\v_rute.php')
 3 SYSTEMPATH\View\View.php(231): CodeIgniter\View\View->CodeIgniter\View\{closure}()
 4 SYSTEMPATH\Common.php(1190): CodeIgniter\View\View->render('/lokasi/v_rute', [], true)
 5 APPPATH\Views\v_template.php(279): view('/lokasi/v_rute')
 6 SYSTEMPATH\View\View.php(228): include('C:\\xampp\\htdocs\\GIS_Project_v1.2\\app\\Views\\v_template.php')
 7 SYSTEMPATH\View\View.php(231): CodeIgniter\View\View->CodeIgniter\View\{closure}()
 8 SYSTEMPATH\Common.php(1190): CodeIgniter\View\View->render('v_template', [], true)
 9 APPPATH\Controllers\Lokasi.php(198): view('v_template', [...])
10 SYSTEMPATH\CodeIgniter.php(942): App\Controllers\Lokasi->rute()
11 SYSTEMPATH\CodeIgniter.php(502): CodeIgniter\CodeIgniter->runController(Object(App\Controllers\Lokasi))
12 SYSTEMPATH\CodeIgniter.php(361): CodeIgniter\CodeIgniter->handleRequest(null, Object(Config\Cache), false)
13 FCPATH\index.php(79): CodeIgniter\CodeIgniter->run()
CRITICAL - 2023-12-01 10:20:10 --> Undefined variable: lokasi
in APPPATH\Views\Lokasi\v_rute.php on line 45.
 1 APPPATH\Views\Lokasi\v_rute.php(45): CodeIgniter\Debug\Exceptions->errorHandler(8, 'Undefined variable: lokasi', 'C:\\xampp\\htdocs\\GIS_Project_v1.2\\app\\Views\\Lokasi\\v_rute.php', 45, [...])
 2 SYSTEMPATH\View\View.php(228): include('C:\\xampp\\htdocs\\GIS_Project_v1.2\\app\\Views\\Lokasi\\v_rute.php')
 3 SYSTEMPATH\View\View.php(231): CodeIgniter\View\View->CodeIgniter\View\{closure}()
 4 SYSTEMPATH\Common.php(1190): CodeIgniter\View\View->render('/lokasi/v_rute', [], true)
 5 APPPATH\Views\v_template.php(279): view('/lokasi/v_rute')
 6 SYSTEMPATH\View\View.php(228): include('C:\\xampp\\htdocs\\GIS_Project_v1.2\\app\\Views\\v_template.php')
 7 SYSTEMPATH\View\View.php(231): CodeIgniter\View\View->CodeIgniter\View\{closure}()
 8 SYSTEMPATH\Common.php(1190): CodeIgniter\View\View->render('v_template', [], true)
 9 APPPATH\Controllers\Lokasi.php(198): view('v_template', [...])
10 SYSTEMPATH\CodeIgniter.php(942): App\Controllers\Lokasi->rute()
11 SYSTEMPATH\CodeIgniter.php(502): CodeIgniter\CodeIgniter->runController(Object(App\Controllers\Lokasi))
12 SYSTEMPATH\CodeIgniter.php(361): CodeIgniter\CodeIgniter->handleRequest(null, Object(Config\Cache), false)
13 FCPATH\index.php(79): CodeIgniter\CodeIgniter->run()
CRITICAL - 2023-12-01 10:20:10 --> Undefined variable: lokasi
in APPPATH\Views\Lokasi\v_rute.php on line 45.
 1 APPPATH\Views\Lokasi\v_rute.php(45): CodeIgniter\Debug\Exceptions->errorHandler(8, 'Undefined variable: lokasi', 'C:\\xampp\\htdocs\\GIS_Project_v1.2\\app\\Views\\Lokasi\\v_rute.php', 45, [...])
 2 SYSTEMPATH\View\View.php(228): include('C:\\xampp\\htdocs\\GIS_Project_v1.2\\app\\Views\\Lokasi\\v_rute.php')
 3 SYSTEMPATH\View\View.php(231): CodeIgniter\View\View->CodeIgniter\View\{closure}()
 4 SYSTEMPATH\Common.php(1190): CodeIgniter\View\View->render('/lokasi/v_rute', [], true)
 5 APPPATH\Views\v_template.php(279): view('/lokasi/v_rute')
 6 SYSTEMPATH\View\View.php(228): include('C:\\xampp\\htdocs\\GIS_Project_v1.2\\app\\Views\\v_template.php')
 7 SYSTEMPATH\View\View.php(231): CodeIgniter\View\View->CodeIgniter\View\{closure}()
 8 SYSTEMPATH\Common.php(1190): CodeIgniter\View\View->render('v_template', [], true)
 9 APPPATH\Controllers\Lokasi.php(198): view('v_template', [...])
10 SYSTEMPATH\CodeIgniter.php(942): App\Controllers\Lokasi->rute()
11 SYSTEMPATH\CodeIgniter.php(502): CodeIgniter\CodeIgniter->runController(Object(App\Controllers\Lokasi))
12 SYSTEMPATH\CodeIgniter.php(361): CodeIgniter\CodeIgniter->handleRequest(null, Object(Config\Cache), false)
13 FCPATH\index.php(79): CodeIgniter\CodeIgniter->run()
CRITICAL - 2023-12-01 10:20:11 --> Undefined variable: lokasi
in APPPATH\Views\Lokasi\v_rute.php on line 45.
 1 APPPATH\Views\Lokasi\v_rute.php(45): CodeIgniter\Debug\Exceptions->errorHandler(8, 'Undefined variable: lokasi', 'C:\\xampp\\htdocs\\GIS_Project_v1.2\\app\\Views\\Lokasi\\v_rute.php', 45, [...])
 2 SYSTEMPATH\View\View.php(228): include('C:\\xampp\\htdocs\\GIS_Project_v1.2\\app\\Views\\Lokasi\\v_rute.php')
 3 SYSTEMPATH\View\View.php(231): CodeIgniter\View\View->CodeIgniter\View\{closure}()
 4 SYSTEMPATH\Common.php(1190): CodeIgniter\View\View->render('/lokasi/v_rute', [], true)
 5 APPPATH\Views\v_template.php(279): view('/lokasi/v_rute')
 6 SYSTEMPATH\View\View.php(228): include('C:\\xampp\\htdocs\\GIS_Project_v1.2\\app\\Views\\v_template.php')
 7 SYSTEMPATH\View\View.php(231): CodeIgniter\View\View->CodeIgniter\View\{closure}()
 8 SYSTEMPATH\Common.php(1190): CodeIgniter\View\View->render('v_template', [], true)
 9 APPPATH\Controllers\Lokasi.php(198): view('v_template', [...])
10 SYSTEMPATH\CodeIgniter.php(942): App\Controllers\Lokasi->rute()
11 SYSTEMPATH\CodeIgniter.php(502): CodeIgniter\CodeIgniter->runController(Object(App\Controllers\Lokasi))
12 SYSTEMPATH\CodeIgniter.php(361): CodeIgniter\CodeIgniter->handleRequest(null, Object(Config\Cache), false)
13 FCPATH\index.php(79): CodeIgniter\CodeIgniter->run()
