ERROR - 2023-12-02 00:58:41 --> Error connecting to the database: mysqli_sql_exception: No connection could be made because the target machine actively refused it.
 in C:\xampp\htdocs\GIS_Project_v1.2\system\Database\MySQLi\Connection.php:185
Stack trace:
#0 C:\xampp\htdocs\GIS_Project_v1.2\system\Database\MySQLi\Connection.php(185): mysqli->real_connect('localhost', 'root', '', 'db-gisproject', 3306, '', 0)
#1 C:\xampp\htdocs\GIS_Project_v1.2\system\Database\BaseConnection.php(392): CodeIgniter\Database\MySQLi\Connection->connect(false)
#2 C:\xampp\htdocs\GIS_Project_v1.2\system\Database\BaseConnection.php(575): CodeIgniter\Database\BaseConnection->initialize()
#3 C:\xampp\htdocs\GIS_Project_v1.2\system\Database\BaseBuilder.php(1615): CodeIgniter\Database\BaseConnection->query('SELECT *\nFROM `...', Array, false)
#4 C:\xampp\htdocs\GIS_Project_v1.2\app\Models\modelLokasi.php(19): CodeIgniter\Database\BaseBuilder->get()
#5 C:\xampp\htdocs\GIS_Project_v1.2\app\Controllers\Lokasi.php(197): App\Models\ModelLokasi->getAllData()
#6 C:\xampp\htdocs\GIS_Project_v1.2\system\CodeIgniter.php(942): App\Controllers\Lokasi->rute()
#7 C:\xampp\htdocs\GIS_Project_v1.2\system\CodeIgniter.php(502): CodeIgniter\CodeIgniter->runController(Object(App\Controllers\Lokasi))
#8 C:\xampp\htdocs\GIS_Project_v1.2\system\CodeIgniter.php(361): CodeIgniter\CodeIgniter->handleRequest(NULL, Object(Config\Cache), false)
#9 C:\xampp\htdocs\GIS_Project_v1.2\public\index.php(79): CodeIgniter\CodeIgniter->run()
#10 {main}

Next CodeIgniter\Database\Exceptions\DatabaseException: No connection could be made because the target machine actively refused it.
 in C:\xampp\htdocs\GIS_Project_v1.2\system\Database\MySQLi\Connection.php:229
Stack trace:
#0 C:\xampp\htdocs\GIS_Project_v1.2\system\Database\BaseConnection.php(392): CodeIgniter\Database\MySQLi\Connection->connect(false)
#1 C:\xampp\htdocs\GIS_Project_v1.2\system\Database\BaseConnection.php(575): CodeIgniter\Database\BaseConnection->initialize()
#2 C:\xampp\htdocs\GIS_Project_v1.2\system\Database\BaseBuilder.php(1615): CodeIgniter\Database\BaseConnection->query('SELECT *\nFROM `...', Array, false)
#3 C:\xampp\htdocs\GIS_Project_v1.2\app\Models\modelLokasi.php(19): CodeIgniter\Database\BaseBuilder->get()
#4 C:\xampp\htdocs\GIS_Project_v1.2\app\Controllers\Lokasi.php(197): App\Models\ModelLokasi->getAllData()
#5 C:\xampp\htdocs\GIS_Project_v1.2\system\CodeIgniter.php(942): App\Controllers\Lokasi->rute()
#6 C:\xampp\htdocs\GIS_Project_v1.2\system\CodeIgniter.php(502): CodeIgniter\CodeIgniter->runController(Object(App\Controllers\Lokasi))
#7 C:\xampp\htdocs\GIS_Project_v1.2\system\CodeIgniter.php(361): CodeIgniter\CodeIgniter->handleRequest(NULL, Object(Config\Cache), false)
#8 C:\xampp\htdocs\GIS_Project_v1.2\public\index.php(79): CodeIgniter\CodeIgniter->run()
#9 {main}
CRITICAL - 2023-12-02 00:58:41 --> Unable to connect to the database.
Main connection [MySQLi]: No connection could be made because the target machine actively refused it.

in SYSTEMPATH\Database\BaseConnection.php on line 428.
 1 SYSTEMPATH\Database\BaseConnection.php(575): CodeIgniter\Database\BaseConnection->initialize()
 2 SYSTEMPATH\Database\BaseBuilder.php(1615): CodeIgniter\Database\BaseConnection->query('SELECT *
FROM `tbl_lokasi`', [], false)
 3 APPPATH\Models\modelLokasi.php(19): CodeIgniter\Database\BaseBuilder->get()
 4 APPPATH\Controllers\Lokasi.php(197): App\Models\ModelLokasi->getAllData()
 5 SYSTEMPATH\CodeIgniter.php(942): App\Controllers\Lokasi->rute()
 6 SYSTEMPATH\CodeIgniter.php(502): CodeIgniter\CodeIgniter->runController(Object(App\Controllers\Lokasi))
 7 SYSTEMPATH\CodeIgniter.php(361): CodeIgniter\CodeIgniter->handleRequest(null, Object(Config\Cache), false)
 8 FCPATH\index.php(79): CodeIgniter\CodeIgniter->run()
ERROR - 2023-12-02 00:59:11 --> Error connecting to the database: mysqli_sql_exception: No connection could be made because the target machine actively refused it.
 in C:\xampp\htdocs\GIS_Project_v1.2\system\Database\MySQLi\Connection.php:185
Stack trace:
#0 C:\xampp\htdocs\GIS_Project_v1.2\system\Database\MySQLi\Connection.php(185): mysqli->real_connect('localhost', 'root', '', 'db-gisproject', 3306, '', 0)
#1 C:\xampp\htdocs\GIS_Project_v1.2\system\Database\BaseConnection.php(392): CodeIgniter\Database\MySQLi\Connection->connect(false)
#2 C:\xampp\htdocs\GIS_Project_v1.2\system\Database\BaseConnection.php(575): CodeIgniter\Database\BaseConnection->initialize()
#3 C:\xampp\htdocs\GIS_Project_v1.2\system\Database\BaseBuilder.php(1615): CodeIgniter\Database\BaseConnection->query('SELECT *\nFROM `...', Array, false)
#4 C:\xampp\htdocs\GIS_Project_v1.2\app\Models\modelLokasi.php(19): CodeIgniter\Database\BaseBuilder->get()
#5 C:\xampp\htdocs\GIS_Project_v1.2\app\Controllers\Lokasi.php(197): App\Models\ModelLokasi->getAllData()
#6 C:\xampp\htdocs\GIS_Project_v1.2\system\CodeIgniter.php(942): App\Controllers\Lokasi->rute()
#7 C:\xampp\htdocs\GIS_Project_v1.2\system\CodeIgniter.php(502): CodeIgniter\CodeIgniter->runController(Object(App\Controllers\Lokasi))
#8 C:\xampp\htdocs\GIS_Project_v1.2\system\CodeIgniter.php(361): CodeIgniter\CodeIgniter->handleRequest(NULL, Object(Config\Cache), false)
#9 C:\xampp\htdocs\GIS_Project_v1.2\public\index.php(79): CodeIgniter\CodeIgniter->run()
#10 {main}

Next CodeIgniter\Database\Exceptions\DatabaseException: No connection could be made because the target machine actively refused it.
 in C:\xampp\htdocs\GIS_Project_v1.2\system\Database\MySQLi\Connection.php:229
Stack trace:
#0 C:\xampp\htdocs\GIS_Project_v1.2\system\Database\BaseConnection.php(392): CodeIgniter\Database\MySQLi\Connection->connect(false)
#1 C:\xampp\htdocs\GIS_Project_v1.2\system\Database\BaseConnection.php(575): CodeIgniter\Database\BaseConnection->initialize()
#2 C:\xampp\htdocs\GIS_Project_v1.2\system\Database\BaseBuilder.php(1615): CodeIgniter\Database\BaseConnection->query('SELECT *\nFROM `...', Array, false)
#3 C:\xampp\htdocs\GIS_Project_v1.2\app\Models\modelLokasi.php(19): CodeIgniter\Database\BaseBuilder->get()
#4 C:\xampp\htdocs\GIS_Project_v1.2\app\Controllers\Lokasi.php(197): App\Models\ModelLokasi->getAllData()
#5 C:\xampp\htdocs\GIS_Project_v1.2\system\CodeIgniter.php(942): App\Controllers\Lokasi->rute()
#6 C:\xampp\htdocs\GIS_Project_v1.2\system\CodeIgniter.php(502): CodeIgniter\CodeIgniter->runController(Object(App\Controllers\Lokasi))
#7 C:\xampp\htdocs\GIS_Project_v1.2\system\CodeIgniter.php(361): CodeIgniter\CodeIgniter->handleRequest(NULL, Object(Config\Cache), false)
#8 C:\xampp\htdocs\GIS_Project_v1.2\public\index.php(79): CodeIgniter\CodeIgniter->run()
#9 {main}
CRITICAL - 2023-12-02 00:59:11 --> Unable to connect to the database.
Main connection [MySQLi]: No connection could be made because the target machine actively refused it.

in SYSTEMPATH\Database\BaseConnection.php on line 428.
 1 SYSTEMPATH\Database\BaseConnection.php(575): CodeIgniter\Database\BaseConnection->initialize()
 2 SYSTEMPATH\Database\BaseBuilder.php(1615): CodeIgniter\Database\BaseConnection->query('SELECT *
FROM `tbl_lokasi`', [], false)
 3 APPPATH\Models\modelLokasi.php(19): CodeIgniter\Database\BaseBuilder->get()
 4 APPPATH\Controllers\Lokasi.php(197): App\Models\ModelLokasi->getAllData()
 5 SYSTEMPATH\CodeIgniter.php(942): App\Controllers\Lokasi->rute()
 6 SYSTEMPATH\CodeIgniter.php(502): CodeIgniter\CodeIgniter->runController(Object(App\Controllers\Lokasi))
 7 SYSTEMPATH\CodeIgniter.php(361): CodeIgniter\CodeIgniter->handleRequest(null, Object(Config\Cache), false)
 8 FCPATH\index.php(79): CodeIgniter\CodeIgniter->run()
ERROR - 2023-12-02 00:59:21 --> Error connecting to the database: mysqli_sql_exception: No connection could be made because the target machine actively refused it.
 in C:\xampp\htdocs\GIS_Project_v1.2\system\Database\MySQLi\Connection.php:185
Stack trace:
#0 C:\xampp\htdocs\GIS_Project_v1.2\system\Database\MySQLi\Connection.php(185): mysqli->real_connect('localhost', 'root', '', 'db-gisproject', 3306, '', 0)
#1 C:\xampp\htdocs\GIS_Project_v1.2\system\Database\BaseConnection.php(392): CodeIgniter\Database\MySQLi\Connection->connect(false)
#2 C:\xampp\htdocs\GIS_Project_v1.2\system\Database\BaseConnection.php(575): CodeIgniter\Database\BaseConnection->initialize()
#3 C:\xampp\htdocs\GIS_Project_v1.2\system\Database\BaseBuilder.php(1615): CodeIgniter\Database\BaseConnection->query('SELECT *\nFROM `...', Array, false)
#4 C:\xampp\htdocs\GIS_Project_v1.2\app\Models\modelLokasi.php(19): CodeIgniter\Database\BaseBuilder->get()
#5 C:\xampp\htdocs\GIS_Project_v1.2\app\Controllers\Lokasi.php(197): App\Models\ModelLokasi->getAllData()
#6 C:\xampp\htdocs\GIS_Project_v1.2\system\CodeIgniter.php(942): App\Controllers\Lokasi->rute()
#7 C:\xampp\htdocs\GIS_Project_v1.2\system\CodeIgniter.php(502): CodeIgniter\CodeIgniter->runController(Object(App\Controllers\Lokasi))
#8 C:\xampp\htdocs\GIS_Project_v1.2\system\CodeIgniter.php(361): CodeIgniter\CodeIgniter->handleRequest(NULL, Object(Config\Cache), false)
#9 C:\xampp\htdocs\GIS_Project_v1.2\public\index.php(79): CodeIgniter\CodeIgniter->run()
#10 {main}

Next CodeIgniter\Database\Exceptions\DatabaseException: No connection could be made because the target machine actively refused it.
 in C:\xampp\htdocs\GIS_Project_v1.2\system\Database\MySQLi\Connection.php:229
Stack trace:
#0 C:\xampp\htdocs\GIS_Project_v1.2\system\Database\BaseConnection.php(392): CodeIgniter\Database\MySQLi\Connection->connect(false)
#1 C:\xampp\htdocs\GIS_Project_v1.2\system\Database\BaseConnection.php(575): CodeIgniter\Database\BaseConnection->initialize()
#2 C:\xampp\htdocs\GIS_Project_v1.2\system\Database\BaseBuilder.php(1615): CodeIgniter\Database\BaseConnection->query('SELECT *\nFROM `...', Array, false)
#3 C:\xampp\htdocs\GIS_Project_v1.2\app\Models\modelLokasi.php(19): CodeIgniter\Database\BaseBuilder->get()
#4 C:\xampp\htdocs\GIS_Project_v1.2\app\Controllers\Lokasi.php(197): App\Models\ModelLokasi->getAllData()
#5 C:\xampp\htdocs\GIS_Project_v1.2\system\CodeIgniter.php(942): App\Controllers\Lokasi->rute()
#6 C:\xampp\htdocs\GIS_Project_v1.2\system\CodeIgniter.php(502): CodeIgniter\CodeIgniter->runController(Object(App\Controllers\Lokasi))
#7 C:\xampp\htdocs\GIS_Project_v1.2\system\CodeIgniter.php(361): CodeIgniter\CodeIgniter->handleRequest(NULL, Object(Config\Cache), false)
#8 C:\xampp\htdocs\GIS_Project_v1.2\public\index.php(79): CodeIgniter\CodeIgniter->run()
#9 {main}
CRITICAL - 2023-12-02 00:59:21 --> Unable to connect to the database.
Main connection [MySQLi]: No connection could be made because the target machine actively refused it.

in SYSTEMPATH\Database\BaseConnection.php on line 428.
 1 SYSTEMPATH\Database\BaseConnection.php(575): CodeIgniter\Database\BaseConnection->initialize()
 2 SYSTEMPATH\Database\BaseBuilder.php(1615): CodeIgniter\Database\BaseConnection->query('SELECT *
FROM `tbl_lokasi`', [], false)
 3 APPPATH\Models\modelLokasi.php(19): CodeIgniter\Database\BaseBuilder->get()
 4 APPPATH\Controllers\Lokasi.php(197): App\Models\ModelLokasi->getAllData()
 5 SYSTEMPATH\CodeIgniter.php(942): App\Controllers\Lokasi->rute()
 6 SYSTEMPATH\CodeIgniter.php(502): CodeIgniter\CodeIgniter->runController(Object(App\Controllers\Lokasi))
 7 SYSTEMPATH\CodeIgniter.php(361): CodeIgniter\CodeIgniter->handleRequest(null, Object(Config\Cache), false)
 8 FCPATH\index.php(79): CodeIgniter\CodeIgniter->run()
ERROR - 2023-12-02 00:59:23 --> Error connecting to the database: mysqli_sql_exception: No connection could be made because the target machine actively refused it.
 in C:\xampp\htdocs\GIS_Project_v1.2\system\Database\MySQLi\Connection.php:185
Stack trace:
#0 C:\xampp\htdocs\GIS_Project_v1.2\system\Database\MySQLi\Connection.php(185): mysqli->real_connect('localhost', 'root', '', 'db-gisproject', 3306, '', 0)
#1 C:\xampp\htdocs\GIS_Project_v1.2\system\Database\BaseConnection.php(392): CodeIgniter\Database\MySQLi\Connection->connect(false)
#2 C:\xampp\htdocs\GIS_Project_v1.2\system\Database\BaseConnection.php(575): CodeIgniter\Database\BaseConnection->initialize()
#3 C:\xampp\htdocs\GIS_Project_v1.2\system\Database\BaseBuilder.php(1615): CodeIgniter\Database\BaseConnection->query('SELECT *\nFROM `...', Array, false)
#4 C:\xampp\htdocs\GIS_Project_v1.2\app\Models\modelLokasi.php(19): CodeIgniter\Database\BaseBuilder->get()
#5 C:\xampp\htdocs\GIS_Project_v1.2\app\Controllers\Lokasi.php(206): App\Models\ModelLokasi->getAllData()
#6 C:\xampp\htdocs\GIS_Project_v1.2\system\CodeIgniter.php(942): App\Controllers\Lokasi->rute2()
#7 C:\xampp\htdocs\GIS_Project_v1.2\system\CodeIgniter.php(502): CodeIgniter\CodeIgniter->runController(Object(App\Controllers\Lokasi))
#8 C:\xampp\htdocs\GIS_Project_v1.2\system\CodeIgniter.php(361): CodeIgniter\CodeIgniter->handleRequest(NULL, Object(Config\Cache), false)
#9 C:\xampp\htdocs\GIS_Project_v1.2\public\index.php(79): CodeIgniter\CodeIgniter->run()
#10 {main}

Next CodeIgniter\Database\Exceptions\DatabaseException: No connection could be made because the target machine actively refused it.
 in C:\xampp\htdocs\GIS_Project_v1.2\system\Database\MySQLi\Connection.php:229
Stack trace:
#0 C:\xampp\htdocs\GIS_Project_v1.2\system\Database\BaseConnection.php(392): CodeIgniter\Database\MySQLi\Connection->connect(false)
#1 C:\xampp\htdocs\GIS_Project_v1.2\system\Database\BaseConnection.php(575): CodeIgniter\Database\BaseConnection->initialize()
#2 C:\xampp\htdocs\GIS_Project_v1.2\system\Database\BaseBuilder.php(1615): CodeIgniter\Database\BaseConnection->query('SELECT *\nFROM `...', Array, false)
#3 C:\xampp\htdocs\GIS_Project_v1.2\app\Models\modelLokasi.php(19): CodeIgniter\Database\BaseBuilder->get()
#4 C:\xampp\htdocs\GIS_Project_v1.2\app\Controllers\Lokasi.php(206): App\Models\ModelLokasi->getAllData()
#5 C:\xampp\htdocs\GIS_Project_v1.2\system\CodeIgniter.php(942): App\Controllers\Lokasi->rute2()
#6 C:\xampp\htdocs\GIS_Project_v1.2\system\CodeIgniter.php(502): CodeIgniter\CodeIgniter->runController(Object(App\Controllers\Lokasi))
#7 C:\xampp\htdocs\GIS_Project_v1.2\system\CodeIgniter.php(361): CodeIgniter\CodeIgniter->handleRequest(NULL, Object(Config\Cache), false)
#8 C:\xampp\htdocs\GIS_Project_v1.2\public\index.php(79): CodeIgniter\CodeIgniter->run()
#9 {main}
CRITICAL - 2023-12-02 00:59:23 --> Unable to connect to the database.
Main connection [MySQLi]: No connection could be made because the target machine actively refused it.

in SYSTEMPATH\Database\BaseConnection.php on line 428.
 1 SYSTEMPATH\Database\BaseConnection.php(575): CodeIgniter\Database\BaseConnection->initialize()
 2 SYSTEMPATH\Database\BaseBuilder.php(1615): CodeIgniter\Database\BaseConnection->query('SELECT *
FROM `tbl_lokasi`', [], false)
 3 APPPATH\Models\modelLokasi.php(19): CodeIgniter\Database\BaseBuilder->get()
 4 APPPATH\Controllers\Lokasi.php(206): App\Models\ModelLokasi->getAllData()
 5 SYSTEMPATH\CodeIgniter.php(942): App\Controllers\Lokasi->rute2()
 6 SYSTEMPATH\CodeIgniter.php(502): CodeIgniter\CodeIgniter->runController(Object(App\Controllers\Lokasi))
 7 SYSTEMPATH\CodeIgniter.php(361): CodeIgniter\CodeIgniter->handleRequest(null, Object(Config\Cache), false)
 8 FCPATH\index.php(79): CodeIgniter\CodeIgniter->run()
ERROR - 2023-12-02 01:01:05 --> Error connecting to the database: mysqli_sql_exception: No connection could be made because the target machine actively refused it.
 in C:\xampp\htdocs\GIS_Project_v1.2\system\Database\MySQLi\Connection.php:185
Stack trace:
#0 C:\xampp\htdocs\GIS_Project_v1.2\system\Database\MySQLi\Connection.php(185): mysqli->real_connect('localhost', 'root', '', 'db-gisproject', 3306, '', 0)
#1 C:\xampp\htdocs\GIS_Project_v1.2\system\Database\BaseConnection.php(392): CodeIgniter\Database\MySQLi\Connection->connect(false)
#2 C:\xampp\htdocs\GIS_Project_v1.2\system\Database\BaseConnection.php(575): CodeIgniter\Database\BaseConnection->initialize()
#3 C:\xampp\htdocs\GIS_Project_v1.2\system\Database\BaseBuilder.php(1615): CodeIgniter\Database\BaseConnection->query('SELECT *\nFROM `...', Array, false)
#4 C:\xampp\htdocs\GIS_Project_v1.2\app\Models\modelLokasi.php(19): CodeIgniter\Database\BaseBuilder->get()
#5 C:\xampp\htdocs\GIS_Project_v1.2\app\Controllers\Lokasi.php(197): App\Models\ModelLokasi->getAllData()
#6 C:\xampp\htdocs\GIS_Project_v1.2\system\CodeIgniter.php(942): App\Controllers\Lokasi->rute()
#7 C:\xampp\htdocs\GIS_Project_v1.2\system\CodeIgniter.php(502): CodeIgniter\CodeIgniter->runController(Object(App\Controllers\Lokasi))
#8 C:\xampp\htdocs\GIS_Project_v1.2\system\CodeIgniter.php(361): CodeIgniter\CodeIgniter->handleRequest(NULL, Object(Config\Cache), false)
#9 C:\xampp\htdocs\GIS_Project_v1.2\public\index.php(79): CodeIgniter\CodeIgniter->run()
#10 {main}

Next CodeIgniter\Database\Exceptions\DatabaseException: No connection could be made because the target machine actively refused it.
 in C:\xampp\htdocs\GIS_Project_v1.2\system\Database\MySQLi\Connection.php:229
Stack trace:
#0 C:\xampp\htdocs\GIS_Project_v1.2\system\Database\BaseConnection.php(392): CodeIgniter\Database\MySQLi\Connection->connect(false)
#1 C:\xampp\htdocs\GIS_Project_v1.2\system\Database\BaseConnection.php(575): CodeIgniter\Database\BaseConnection->initialize()
#2 C:\xampp\htdocs\GIS_Project_v1.2\system\Database\BaseBuilder.php(1615): CodeIgniter\Database\BaseConnection->query('SELECT *\nFROM `...', Array, false)
#3 C:\xampp\htdocs\GIS_Project_v1.2\app\Models\modelLokasi.php(19): CodeIgniter\Database\BaseBuilder->get()
#4 C:\xampp\htdocs\GIS_Project_v1.2\app\Controllers\Lokasi.php(197): App\Models\ModelLokasi->getAllData()
#5 C:\xampp\htdocs\GIS_Project_v1.2\system\CodeIgniter.php(942): App\Controllers\Lokasi->rute()
#6 C:\xampp\htdocs\GIS_Project_v1.2\system\CodeIgniter.php(502): CodeIgniter\CodeIgniter->runController(Object(App\Controllers\Lokasi))
#7 C:\xampp\htdocs\GIS_Project_v1.2\system\CodeIgniter.php(361): CodeIgniter\CodeIgniter->handleRequest(NULL, Object(Config\Cache), false)
#8 C:\xampp\htdocs\GIS_Project_v1.2\public\index.php(79): CodeIgniter\CodeIgniter->run()
#9 {main}
CRITICAL - 2023-12-02 01:01:05 --> Unable to connect to the database.
Main connection [MySQLi]: No connection could be made because the target machine actively refused it.

in SYSTEMPATH\Database\BaseConnection.php on line 428.
 1 SYSTEMPATH\Database\BaseConnection.php(575): CodeIgniter\Database\BaseConnection->initialize()
 2 SYSTEMPATH\Database\BaseBuilder.php(1615): CodeIgniter\Database\BaseConnection->query('SELECT *
FROM `tbl_lokasi`', [], false)
 3 APPPATH\Models\modelLokasi.php(19): CodeIgniter\Database\BaseBuilder->get()
 4 APPPATH\Controllers\Lokasi.php(197): App\Models\ModelLokasi->getAllData()
 5 SYSTEMPATH\CodeIgniter.php(942): App\Controllers\Lokasi->rute()
 6 SYSTEMPATH\CodeIgniter.php(502): CodeIgniter\CodeIgniter->runController(Object(App\Controllers\Lokasi))
 7 SYSTEMPATH\CodeIgniter.php(361): CodeIgniter\CodeIgniter->handleRequest(null, Object(Config\Cache), false)
 8 FCPATH\index.php(79): CodeIgniter\CodeIgniter->run()
ERROR - 2023-12-02 01:01:24 --> Error connecting to the database: mysqli_sql_exception: No connection could be made because the target machine actively refused it.
 in C:\xampp\htdocs\GIS_Project_v1.2\system\Database\MySQLi\Connection.php:185
Stack trace:
#0 C:\xampp\htdocs\GIS_Project_v1.2\system\Database\MySQLi\Connection.php(185): mysqli->real_connect('localhost', 'root', '', 'db-gisproject', 3306, '', 0)
#1 C:\xampp\htdocs\GIS_Project_v1.2\system\Database\BaseConnection.php(392): CodeIgniter\Database\MySQLi\Connection->connect(false)
#2 C:\xampp\htdocs\GIS_Project_v1.2\system\Database\BaseConnection.php(575): CodeIgniter\Database\BaseConnection->initialize()
#3 C:\xampp\htdocs\GIS_Project_v1.2\system\Database\BaseBuilder.php(1615): CodeIgniter\Database\BaseConnection->query('SELECT *\nFROM `...', Array, false)
#4 C:\xampp\htdocs\GIS_Project_v1.2\app\Models\modelLokasi.php(19): CodeIgniter\Database\BaseBuilder->get()
#5 C:\xampp\htdocs\GIS_Project_v1.2\app\Controllers\Lokasi.php(197): App\Models\ModelLokasi->getAllData()
#6 C:\xampp\htdocs\GIS_Project_v1.2\system\CodeIgniter.php(942): App\Controllers\Lokasi->rute()
#7 C:\xampp\htdocs\GIS_Project_v1.2\system\CodeIgniter.php(502): CodeIgniter\CodeIgniter->runController(Object(App\Controllers\Lokasi))
#8 C:\xampp\htdocs\GIS_Project_v1.2\system\CodeIgniter.php(361): CodeIgniter\CodeIgniter->handleRequest(NULL, Object(Config\Cache), false)
#9 C:\xampp\htdocs\GIS_Project_v1.2\public\index.php(79): CodeIgniter\CodeIgniter->run()
#10 {main}

Next CodeIgniter\Database\Exceptions\DatabaseException: No connection could be made because the target machine actively refused it.
 in C:\xampp\htdocs\GIS_Project_v1.2\system\Database\MySQLi\Connection.php:229
Stack trace:
#0 C:\xampp\htdocs\GIS_Project_v1.2\system\Database\BaseConnection.php(392): CodeIgniter\Database\MySQLi\Connection->connect(false)
#1 C:\xampp\htdocs\GIS_Project_v1.2\system\Database\BaseConnection.php(575): CodeIgniter\Database\BaseConnection->initialize()
#2 C:\xampp\htdocs\GIS_Project_v1.2\system\Database\BaseBuilder.php(1615): CodeIgniter\Database\BaseConnection->query('SELECT *\nFROM `...', Array, false)
#3 C:\xampp\htdocs\GIS_Project_v1.2\app\Models\modelLokasi.php(19): CodeIgniter\Database\BaseBuilder->get()
#4 C:\xampp\htdocs\GIS_Project_v1.2\app\Controllers\Lokasi.php(197): App\Models\ModelLokasi->getAllData()
#5 C:\xampp\htdocs\GIS_Project_v1.2\system\CodeIgniter.php(942): App\Controllers\Lokasi->rute()
#6 C:\xampp\htdocs\GIS_Project_v1.2\system\CodeIgniter.php(502): CodeIgniter\CodeIgniter->runController(Object(App\Controllers\Lokasi))
#7 C:\xampp\htdocs\GIS_Project_v1.2\system\CodeIgniter.php(361): CodeIgniter\CodeIgniter->handleRequest(NULL, Object(Config\Cache), false)
#8 C:\xampp\htdocs\GIS_Project_v1.2\public\index.php(79): CodeIgniter\CodeIgniter->run()
#9 {main}
CRITICAL - 2023-12-02 01:01:24 --> Unable to connect to the database.
Main connection [MySQLi]: No connection could be made because the target machine actively refused it.

in SYSTEMPATH\Database\BaseConnection.php on line 428.
 1 SYSTEMPATH\Database\BaseConnection.php(575): CodeIgniter\Database\BaseConnection->initialize()
 2 SYSTEMPATH\Database\BaseBuilder.php(1615): CodeIgniter\Database\BaseConnection->query('SELECT *
FROM `tbl_lokasi`', [], false)
 3 APPPATH\Models\modelLokasi.php(19): CodeIgniter\Database\BaseBuilder->get()
 4 APPPATH\Controllers\Lokasi.php(197): App\Models\ModelLokasi->getAllData()
 5 SYSTEMPATH\CodeIgniter.php(942): App\Controllers\Lokasi->rute()
 6 SYSTEMPATH\CodeIgniter.php(502): CodeIgniter\CodeIgniter->runController(Object(App\Controllers\Lokasi))
 7 SYSTEMPATH\CodeIgniter.php(361): CodeIgniter\CodeIgniter->handleRequest(null, Object(Config\Cache), false)
 8 FCPATH\index.php(79): CodeIgniter\CodeIgniter->run()
ERROR - 2023-12-02 01:02:12 --> Error connecting to the database: mysqli_sql_exception: No connection could be made because the target machine actively refused it.
 in C:\xampp\htdocs\GIS_Project_v1.2\system\Database\MySQLi\Connection.php:185
Stack trace:
#0 C:\xampp\htdocs\GIS_Project_v1.2\system\Database\MySQLi\Connection.php(185): mysqli->real_connect('localhost', 'root', '', 'db-gisproject', 3306, '', 0)
#1 C:\xampp\htdocs\GIS_Project_v1.2\system\Database\BaseConnection.php(392): CodeIgniter\Database\MySQLi\Connection->connect(false)
#2 C:\xampp\htdocs\GIS_Project_v1.2\system\Database\BaseConnection.php(575): CodeIgniter\Database\BaseConnection->initialize()
#3 C:\xampp\htdocs\GIS_Project_v1.2\system\Database\BaseBuilder.php(1615): CodeIgniter\Database\BaseConnection->query('SELECT *\nFROM `...', Array, false)
#4 C:\xampp\htdocs\GIS_Project_v1.2\app\Models\modelLokasi.php(19): CodeIgniter\Database\BaseBuilder->get()
#5 C:\xampp\htdocs\GIS_Project_v1.2\app\Controllers\Lokasi.php(197): App\Models\ModelLokasi->getAllData()
#6 C:\xampp\htdocs\GIS_Project_v1.2\system\CodeIgniter.php(942): App\Controllers\Lokasi->rute()
#7 C:\xampp\htdocs\GIS_Project_v1.2\system\CodeIgniter.php(502): CodeIgniter\CodeIgniter->runController(Object(App\Controllers\Lokasi))
#8 C:\xampp\htdocs\GIS_Project_v1.2\system\CodeIgniter.php(361): CodeIgniter\CodeIgniter->handleRequest(NULL, Object(Config\Cache), false)
#9 C:\xampp\htdocs\GIS_Project_v1.2\public\index.php(79): CodeIgniter\CodeIgniter->run()
#10 {main}

Next CodeIgniter\Database\Exceptions\DatabaseException: No connection could be made because the target machine actively refused it.
 in C:\xampp\htdocs\GIS_Project_v1.2\system\Database\MySQLi\Connection.php:229
Stack trace:
#0 C:\xampp\htdocs\GIS_Project_v1.2\system\Database\BaseConnection.php(392): CodeIgniter\Database\MySQLi\Connection->connect(false)
#1 C:\xampp\htdocs\GIS_Project_v1.2\system\Database\BaseConnection.php(575): CodeIgniter\Database\BaseConnection->initialize()
#2 C:\xampp\htdocs\GIS_Project_v1.2\system\Database\BaseBuilder.php(1615): CodeIgniter\Database\BaseConnection->query('SELECT *\nFROM `...', Array, false)
#3 C:\xampp\htdocs\GIS_Project_v1.2\app\Models\modelLokasi.php(19): CodeIgniter\Database\BaseBuilder->get()
#4 C:\xampp\htdocs\GIS_Project_v1.2\app\Controllers\Lokasi.php(197): App\Models\ModelLokasi->getAllData()
#5 C:\xampp\htdocs\GIS_Project_v1.2\system\CodeIgniter.php(942): App\Controllers\Lokasi->rute()
#6 C:\xampp\htdocs\GIS_Project_v1.2\system\CodeIgniter.php(502): CodeIgniter\CodeIgniter->runController(Object(App\Controllers\Lokasi))
#7 C:\xampp\htdocs\GIS_Project_v1.2\system\CodeIgniter.php(361): CodeIgniter\CodeIgniter->handleRequest(NULL, Object(Config\Cache), false)
#8 C:\xampp\htdocs\GIS_Project_v1.2\public\index.php(79): CodeIgniter\CodeIgniter->run()
#9 {main}
CRITICAL - 2023-12-02 01:02:12 --> Unable to connect to the database.
Main connection [MySQLi]: No connection could be made because the target machine actively refused it.

in SYSTEMPATH\Database\BaseConnection.php on line 428.
 1 SYSTEMPATH\Database\BaseConnection.php(575): CodeIgniter\Database\BaseConnection->initialize()
 2 SYSTEMPATH\Database\BaseBuilder.php(1615): CodeIgniter\Database\BaseConnection->query('SELECT *
FROM `tbl_lokasi`', [], false)
 3 APPPATH\Models\modelLokasi.php(19): CodeIgniter\Database\BaseBuilder->get()
 4 APPPATH\Controllers\Lokasi.php(197): App\Models\ModelLokasi->getAllData()
 5 SYSTEMPATH\CodeIgniter.php(942): App\Controllers\Lokasi->rute()
 6 SYSTEMPATH\CodeIgniter.php(502): CodeIgniter\CodeIgniter->runController(Object(App\Controllers\Lokasi))
 7 SYSTEMPATH\CodeIgniter.php(361): CodeIgniter\CodeIgniter->handleRequest(null, Object(Config\Cache), false)
 8 FCPATH\index.php(79): CodeIgniter\CodeIgniter->run()
CRITICAL - 2023-12-02 01:10:09 --> Undefined variable: row
in APPPATH\Views\Lokasi\v_rute.php on line 75.
 1 APPPATH\Views\Lokasi\v_rute.php(75): CodeIgniter\Debug\Exceptions->errorHandler(8, 'Undefined variable: row', 'C:\\xampp\\htdocs\\GIS_Project_v1.2\\app\\Views\\Lokasi\\v_rute.php', 75, [...])
 2 SYSTEMPATH\View\View.php(228): include('C:\\xampp\\htdocs\\GIS_Project_v1.2\\app\\Views\\Lokasi\\v_rute.php')
 3 SYSTEMPATH\View\View.php(231): CodeIgniter\View\View->CodeIgniter\View\{closure}()
 4 SYSTEMPATH\Common.php(1190): CodeIgniter\View\View->render('/lokasi/v_rute', [], true)
 5 APPPATH\Views\v_template.php(279): view('/lokasi/v_rute')
 6 SYSTEMPATH\View\View.php(228): include('C:\\xampp\\htdocs\\GIS_Project_v1.2\\app\\Views\\v_template.php')
 7 SYSTEMPATH\View\View.php(231): CodeIgniter\View\View->CodeIgniter\View\{closure}()
 8 SYSTEMPATH\Common.php(1190): CodeIgniter\View\View->render('v_template', [], true)
 9 APPPATH\Controllers\Lokasi.php(199): view('v_template', [...])
10 SYSTEMPATH\CodeIgniter.php(942): App\Controllers\Lokasi->rute()
11 SYSTEMPATH\CodeIgniter.php(502): CodeIgniter\CodeIgniter->runController(Object(App\Controllers\Lokasi))
12 SYSTEMPATH\CodeIgniter.php(361): CodeIgniter\CodeIgniter->handleRequest(null, Object(Config\Cache), false)
13 FCPATH\index.php(79): CodeIgniter\CodeIgniter->run()
CRITICAL - 2023-12-02 01:20:08 --> Undefined variable: row
in APPPATH\Views\Lokasi\v_rute.php on line 67.
 1 APPPATH\Views\Lokasi\v_rute.php(67): CodeIgniter\Debug\Exceptions->errorHandler(8, 'Undefined variable: row', 'C:\\xampp\\htdocs\\GIS_Project_v1.2\\app\\Views\\Lokasi\\v_rute.php', 67, [...])
 2 SYSTEMPATH\View\View.php(228): include('C:\\xampp\\htdocs\\GIS_Project_v1.2\\app\\Views\\Lokasi\\v_rute.php')
 3 SYSTEMPATH\View\View.php(231): CodeIgniter\View\View->CodeIgniter\View\{closure}()
 4 SYSTEMPATH\Common.php(1190): CodeIgniter\View\View->render('/lokasi/v_rute', [], true)
 5 APPPATH\Views\v_template.php(279): view('/lokasi/v_rute')
 6 SYSTEMPATH\View\View.php(228): include('C:\\xampp\\htdocs\\GIS_Project_v1.2\\app\\Views\\v_template.php')
 7 SYSTEMPATH\View\View.php(231): CodeIgniter\View\View->CodeIgniter\View\{closure}()
 8 SYSTEMPATH\Common.php(1190): CodeIgniter\View\View->render('v_template', [], true)
 9 APPPATH\Controllers\Lokasi.php(199): view('v_template', [...])
10 SYSTEMPATH\CodeIgniter.php(942): App\Controllers\Lokasi->rute()
11 SYSTEMPATH\CodeIgniter.php(502): CodeIgniter\CodeIgniter->runController(Object(App\Controllers\Lokasi))
12 SYSTEMPATH\CodeIgniter.php(361): CodeIgniter\CodeIgniter->handleRequest(null, Object(Config\Cache), false)
13 FCPATH\index.php(79): CodeIgniter\CodeIgniter->run()
CRITICAL - 2023-12-02 01:20:22 --> Undefined variable: row
in APPPATH\Views\Lokasi\v_rute.php on line 67.
 1 APPPATH\Views\Lokasi\v_rute.php(67): CodeIgniter\Debug\Exceptions->errorHandler(8, 'Undefined variable: row', 'C:\\xampp\\htdocs\\GIS_Project_v1.2\\app\\Views\\Lokasi\\v_rute.php', 67, [...])
 2 SYSTEMPATH\View\View.php(228): include('C:\\xampp\\htdocs\\GIS_Project_v1.2\\app\\Views\\Lokasi\\v_rute.php')
 3 SYSTEMPATH\View\View.php(231): CodeIgniter\View\View->CodeIgniter\View\{closure}()
 4 SYSTEMPATH\Common.php(1190): CodeIgniter\View\View->render('/lokasi/v_rute', [], true)
 5 APPPATH\Views\v_template.php(279): view('/lokasi/v_rute')
 6 SYSTEMPATH\View\View.php(228): include('C:\\xampp\\htdocs\\GIS_Project_v1.2\\app\\Views\\v_template.php')
 7 SYSTEMPATH\View\View.php(231): CodeIgniter\View\View->CodeIgniter\View\{closure}()
 8 SYSTEMPATH\Common.php(1190): CodeIgniter\View\View->render('v_template', [], true)
 9 APPPATH\Controllers\Lokasi.php(199): view('v_template', [...])
10 SYSTEMPATH\CodeIgniter.php(942): App\Controllers\Lokasi->rute()
11 SYSTEMPATH\CodeIgniter.php(502): CodeIgniter\CodeIgniter->runController(Object(App\Controllers\Lokasi))
12 SYSTEMPATH\CodeIgniter.php(361): CodeIgniter\CodeIgniter->handleRequest(null, Object(Config\Cache), false)
13 FCPATH\index.php(79): CodeIgniter\CodeIgniter->run()
CRITICAL - 2023-12-02 01:21:24 --> Undefined variable: row
in APPPATH\Views\Lokasi\v_rute.php on line 68.
 1 APPPATH\Views\Lokasi\v_rute.php(68): CodeIgniter\Debug\Exceptions->errorHandler(8, 'Undefined variable: row', 'C:\\xampp\\htdocs\\GIS_Project_v1.2\\app\\Views\\Lokasi\\v_rute.php', 68, [...])
 2 SYSTEMPATH\View\View.php(228): include('C:\\xampp\\htdocs\\GIS_Project_v1.2\\app\\Views\\Lokasi\\v_rute.php')
 3 SYSTEMPATH\View\View.php(231): CodeIgniter\View\View->CodeIgniter\View\{closure}()
 4 SYSTEMPATH\Common.php(1190): CodeIgniter\View\View->render('/lokasi/v_rute', [], true)
 5 APPPATH\Views\v_template.php(279): view('/lokasi/v_rute')
 6 SYSTEMPATH\View\View.php(228): include('C:\\xampp\\htdocs\\GIS_Project_v1.2\\app\\Views\\v_template.php')
 7 SYSTEMPATH\View\View.php(231): CodeIgniter\View\View->CodeIgniter\View\{closure}()
 8 SYSTEMPATH\Common.php(1190): CodeIgniter\View\View->render('v_template', [], true)
 9 APPPATH\Controllers\Lokasi.php(199): view('v_template', [...])
10 SYSTEMPATH\CodeIgniter.php(942): App\Controllers\Lokasi->rute()
11 SYSTEMPATH\CodeIgniter.php(502): CodeIgniter\CodeIgniter->runController(Object(App\Controllers\Lokasi))
12 SYSTEMPATH\CodeIgniter.php(361): CodeIgniter\CodeIgniter->handleRequest(null, Object(Config\Cache), false)
13 FCPATH\index.php(79): CodeIgniter\CodeIgniter->run()
CRITICAL - 2023-12-02 01:22:14 --> Undefined variable: row
in APPPATH\Views\Lokasi\v_rute.php on line 67.
 1 APPPATH\Views\Lokasi\v_rute.php(67): CodeIgniter\Debug\Exceptions->errorHandler(8, 'Undefined variable: row', 'C:\\xampp\\htdocs\\GIS_Project_v1.2\\app\\Views\\Lokasi\\v_rute.php', 67, [...])
 2 SYSTEMPATH\View\View.php(228): include('C:\\xampp\\htdocs\\GIS_Project_v1.2\\app\\Views\\Lokasi\\v_rute.php')
 3 SYSTEMPATH\View\View.php(231): CodeIgniter\View\View->CodeIgniter\View\{closure}()
 4 SYSTEMPATH\Common.php(1190): CodeIgniter\View\View->render('/lokasi/v_rute', [], true)
 5 APPPATH\Views\v_template.php(279): view('/lokasi/v_rute')
 6 SYSTEMPATH\View\View.php(228): include('C:\\xampp\\htdocs\\GIS_Project_v1.2\\app\\Views\\v_template.php')
 7 SYSTEMPATH\View\View.php(231): CodeIgniter\View\View->CodeIgniter\View\{closure}()
 8 SYSTEMPATH\Common.php(1190): CodeIgniter\View\View->render('v_template', [], true)
 9 APPPATH\Controllers\Lokasi.php(199): view('v_template', [...])
10 SYSTEMPATH\CodeIgniter.php(942): App\Controllers\Lokasi->rute()
11 SYSTEMPATH\CodeIgniter.php(502): CodeIgniter\CodeIgniter->runController(Object(App\Controllers\Lokasi))
12 SYSTEMPATH\CodeIgniter.php(361): CodeIgniter\CodeIgniter->handleRequest(null, Object(Config\Cache), false)
13 FCPATH\index.php(79): CodeIgniter\CodeIgniter->run()
CRITICAL - 2023-12-02 01:24:17 --> Trying to get property 'lat' of non-object
in APPPATH\Views\Lokasi\v_rute.php on line 67.
 1 APPPATH\Views\Lokasi\v_rute.php(67): CodeIgniter\Debug\Exceptions->errorHandler(8, 'Trying to get property \'lat\' of non-object', 'C:\\xampp\\htdocs\\GIS_Project_v1.2\\app\\Views\\Lokasi\\v_rute.php', 67, [...])
 2 SYSTEMPATH\View\View.php(228): include('C:\\xampp\\htdocs\\GIS_Project_v1.2\\app\\Views\\Lokasi\\v_rute.php')
 3 SYSTEMPATH\View\View.php(231): CodeIgniter\View\View->CodeIgniter\View\{closure}()
 4 SYSTEMPATH\Common.php(1190): CodeIgniter\View\View->render('/lokasi/v_rute', [], true)
 5 APPPATH\Views\v_template.php(279): view('/lokasi/v_rute')
 6 SYSTEMPATH\View\View.php(228): include('C:\\xampp\\htdocs\\GIS_Project_v1.2\\app\\Views\\v_template.php')
 7 SYSTEMPATH\View\View.php(231): CodeIgniter\View\View->CodeIgniter\View\{closure}()
 8 SYSTEMPATH\Common.php(1190): CodeIgniter\View\View->render('v_template', [], true)
 9 APPPATH\Controllers\Lokasi.php(199): view('v_template', [...])
10 SYSTEMPATH\CodeIgniter.php(942): App\Controllers\Lokasi->rute()
11 SYSTEMPATH\CodeIgniter.php(502): CodeIgniter\CodeIgniter->runController(Object(App\Controllers\Lokasi))
12 SYSTEMPATH\CodeIgniter.php(361): CodeIgniter\CodeIgniter->handleRequest(null, Object(Config\Cache), false)
13 FCPATH\index.php(79): CodeIgniter\CodeIgniter->run()
CRITICAL - 2023-12-02 01:24:41 --> Trying to get property 'lat' of non-object
in APPPATH\Views\Lokasi\v_rute.php on line 67.
 1 APPPATH\Views\Lokasi\v_rute.php(67): CodeIgniter\Debug\Exceptions->errorHandler(8, 'Trying to get property \'lat\' of non-object', 'C:\\xampp\\htdocs\\GIS_Project_v1.2\\app\\Views\\Lokasi\\v_rute.php', 67, [...])
 2 SYSTEMPATH\View\View.php(228): include('C:\\xampp\\htdocs\\GIS_Project_v1.2\\app\\Views\\Lokasi\\v_rute.php')
 3 SYSTEMPATH\View\View.php(231): CodeIgniter\View\View->CodeIgniter\View\{closure}()
 4 SYSTEMPATH\Common.php(1190): CodeIgniter\View\View->render('/lokasi/v_rute', [], true)
 5 APPPATH\Views\v_template.php(279): view('/lokasi/v_rute')
 6 SYSTEMPATH\View\View.php(228): include('C:\\xampp\\htdocs\\GIS_Project_v1.2\\app\\Views\\v_template.php')
 7 SYSTEMPATH\View\View.php(231): CodeIgniter\View\View->CodeIgniter\View\{closure}()
 8 SYSTEMPATH\Common.php(1190): CodeIgniter\View\View->render('v_template', [], true)
 9 APPPATH\Controllers\Lokasi.php(199): view('v_template', [...])
10 SYSTEMPATH\CodeIgniter.php(942): App\Controllers\Lokasi->rute()
11 SYSTEMPATH\CodeIgniter.php(502): CodeIgniter\CodeIgniter->runController(Object(App\Controllers\Lokasi))
12 SYSTEMPATH\CodeIgniter.php(361): CodeIgniter\CodeIgniter->handleRequest(null, Object(Config\Cache), false)
13 FCPATH\index.php(79): CodeIgniter\CodeIgniter->run()
CRITICAL - 2023-12-02 01:26:39 --> Trying to get property 'lat' of non-object
in APPPATH\Views\Lokasi\v_rute.php on line 67.
 1 APPPATH\Views\Lokasi\v_rute.php(67): CodeIgniter\Debug\Exceptions->errorHandler(8, 'Trying to get property \'lat\' of non-object', 'C:\\xampp\\htdocs\\GIS_Project_v1.2\\app\\Views\\Lokasi\\v_rute.php', 67, [...])
 2 SYSTEMPATH\View\View.php(228): include('C:\\xampp\\htdocs\\GIS_Project_v1.2\\app\\Views\\Lokasi\\v_rute.php')
 3 SYSTEMPATH\View\View.php(231): CodeIgniter\View\View->CodeIgniter\View\{closure}()
 4 SYSTEMPATH\Common.php(1190): CodeIgniter\View\View->render('/lokasi/v_rute', [], true)
 5 APPPATH\Views\v_template.php(279): view('/lokasi/v_rute')
 6 SYSTEMPATH\View\View.php(228): include('C:\\xampp\\htdocs\\GIS_Project_v1.2\\app\\Views\\v_template.php')
 7 SYSTEMPATH\View\View.php(231): CodeIgniter\View\View->CodeIgniter\View\{closure}()
 8 SYSTEMPATH\Common.php(1190): CodeIgniter\View\View->render('v_template', [], true)
 9 APPPATH\Controllers\Lokasi.php(199): view('v_template', [...])
10 SYSTEMPATH\CodeIgniter.php(942): App\Controllers\Lokasi->rute()
11 SYSTEMPATH\CodeIgniter.php(502): CodeIgniter\CodeIgniter->runController(Object(App\Controllers\Lokasi))
12 SYSTEMPATH\CodeIgniter.php(361): CodeIgniter\CodeIgniter->handleRequest(null, Object(Config\Cache), false)
13 FCPATH\index.php(79): CodeIgniter\CodeIgniter->run()
CRITICAL - 2023-12-02 01:27:29 --> Trying to get property 'lat' of non-object
in APPPATH\Views\Lokasi\v_rute.php on line 67.
 1 APPPATH\Views\Lokasi\v_rute.php(67): CodeIgniter\Debug\Exceptions->errorHandler(8, 'Trying to get property \'lat\' of non-object', 'C:\\xampp\\htdocs\\GIS_Project_v1.2\\app\\Views\\Lokasi\\v_rute.php', 67, [...])
 2 SYSTEMPATH\View\View.php(228): include('C:\\xampp\\htdocs\\GIS_Project_v1.2\\app\\Views\\Lokasi\\v_rute.php')
 3 SYSTEMPATH\View\View.php(231): CodeIgniter\View\View->CodeIgniter\View\{closure}()
 4 SYSTEMPATH\Common.php(1190): CodeIgniter\View\View->render('/lokasi/v_rute', [], true)
 5 APPPATH\Views\v_template.php(279): view('/lokasi/v_rute')
 6 SYSTEMPATH\View\View.php(228): include('C:\\xampp\\htdocs\\GIS_Project_v1.2\\app\\Views\\v_template.php')
 7 SYSTEMPATH\View\View.php(231): CodeIgniter\View\View->CodeIgniter\View\{closure}()
 8 SYSTEMPATH\Common.php(1190): CodeIgniter\View\View->render('v_template', [], true)
 9 APPPATH\Controllers\Lokasi.php(199): view('v_template', [...])
10 SYSTEMPATH\CodeIgniter.php(942): App\Controllers\Lokasi->rute()
11 SYSTEMPATH\CodeIgniter.php(502): CodeIgniter\CodeIgniter->runController(Object(App\Controllers\Lokasi))
12 SYSTEMPATH\CodeIgniter.php(361): CodeIgniter\CodeIgniter->handleRequest(null, Object(Config\Cache), false)
13 FCPATH\index.php(79): CodeIgniter\CodeIgniter->run()
CRITICAL - 2023-12-02 01:28:46 --> Trying to get property 'lat' of non-object
in APPPATH\Views\Lokasi\v_rute.php on line 67.
 1 APPPATH\Views\Lokasi\v_rute.php(67): CodeIgniter\Debug\Exceptions->errorHandler(8, 'Trying to get property \'lat\' of non-object', 'C:\\xampp\\htdocs\\GIS_Project_v1.2\\app\\Views\\Lokasi\\v_rute.php', 67, [...])
 2 SYSTEMPATH\View\View.php(228): include('C:\\xampp\\htdocs\\GIS_Project_v1.2\\app\\Views\\Lokasi\\v_rute.php')
 3 SYSTEMPATH\View\View.php(231): CodeIgniter\View\View->CodeIgniter\View\{closure}()
 4 SYSTEMPATH\Common.php(1190): CodeIgniter\View\View->render('/lokasi/v_rute', [], true)
 5 APPPATH\Views\v_template.php(279): view('/lokasi/v_rute')
 6 SYSTEMPATH\View\View.php(228): include('C:\\xampp\\htdocs\\GIS_Project_v1.2\\app\\Views\\v_template.php')
 7 SYSTEMPATH\View\View.php(231): CodeIgniter\View\View->CodeIgniter\View\{closure}()
 8 SYSTEMPATH\Common.php(1190): CodeIgniter\View\View->render('v_template', [], true)
 9 APPPATH\Controllers\Lokasi.php(199): view('v_template', [...])
10 SYSTEMPATH\CodeIgniter.php(942): App\Controllers\Lokasi->rute()
11 SYSTEMPATH\CodeIgniter.php(502): CodeIgniter\CodeIgniter->runController(Object(App\Controllers\Lokasi))
12 SYSTEMPATH\CodeIgniter.php(361): CodeIgniter\CodeIgniter->handleRequest(null, Object(Config\Cache), false)
13 FCPATH\index.php(79): CodeIgniter\CodeIgniter->run()
CRITICAL - 2023-12-02 01:29:34 --> Trying to get property 'lat' of non-object
in APPPATH\Views\Lokasi\v_rute.php on line 68.
 1 APPPATH\Views\Lokasi\v_rute.php(68): CodeIgniter\Debug\Exceptions->errorHandler(8, 'Trying to get property \'lat\' of non-object', 'C:\\xampp\\htdocs\\GIS_Project_v1.2\\app\\Views\\Lokasi\\v_rute.php', 68, [...])
 2 SYSTEMPATH\View\View.php(228): include('C:\\xampp\\htdocs\\GIS_Project_v1.2\\app\\Views\\Lokasi\\v_rute.php')
 3 SYSTEMPATH\View\View.php(231): CodeIgniter\View\View->CodeIgniter\View\{closure}()
 4 SYSTEMPATH\Common.php(1190): CodeIgniter\View\View->render('/lokasi/v_rute', [], true)
 5 APPPATH\Views\v_template.php(279): view('/lokasi/v_rute')
 6 SYSTEMPATH\View\View.php(228): include('C:\\xampp\\htdocs\\GIS_Project_v1.2\\app\\Views\\v_template.php')
 7 SYSTEMPATH\View\View.php(231): CodeIgniter\View\View->CodeIgniter\View\{closure}()
 8 SYSTEMPATH\Common.php(1190): CodeIgniter\View\View->render('v_template', [], true)
 9 APPPATH\Controllers\Lokasi.php(199): view('v_template', [...])
10 SYSTEMPATH\CodeIgniter.php(942): App\Controllers\Lokasi->rute()
11 SYSTEMPATH\CodeIgniter.php(502): CodeIgniter\CodeIgniter->runController(Object(App\Controllers\Lokasi))
12 SYSTEMPATH\CodeIgniter.php(361): CodeIgniter\CodeIgniter->handleRequest(null, Object(Config\Cache), false)
13 FCPATH\index.php(79): CodeIgniter\CodeIgniter->run()
CRITICAL - 2023-12-02 01:29:38 --> Trying to get property 'lat' of non-object
in APPPATH\Views\Lokasi\v_rute.php on line 68.
 1 APPPATH\Views\Lokasi\v_rute.php(68): CodeIgniter\Debug\Exceptions->errorHandler(8, 'Trying to get property \'lat\' of non-object', 'C:\\xampp\\htdocs\\GIS_Project_v1.2\\app\\Views\\Lokasi\\v_rute.php', 68, [...])
 2 SYSTEMPATH\View\View.php(228): include('C:\\xampp\\htdocs\\GIS_Project_v1.2\\app\\Views\\Lokasi\\v_rute.php')
 3 SYSTEMPATH\View\View.php(231): CodeIgniter\View\View->CodeIgniter\View\{closure}()
 4 SYSTEMPATH\Common.php(1190): CodeIgniter\View\View->render('/lokasi/v_rute', [], true)
 5 APPPATH\Views\v_template.php(279): view('/lokasi/v_rute')
 6 SYSTEMPATH\View\View.php(228): include('C:\\xampp\\htdocs\\GIS_Project_v1.2\\app\\Views\\v_template.php')
 7 SYSTEMPATH\View\View.php(231): CodeIgniter\View\View->CodeIgniter\View\{closure}()
 8 SYSTEMPATH\Common.php(1190): CodeIgniter\View\View->render('v_template', [], true)
 9 APPPATH\Controllers\Lokasi.php(199): view('v_template', [...])
10 SYSTEMPATH\CodeIgniter.php(942): App\Controllers\Lokasi->rute()
11 SYSTEMPATH\CodeIgniter.php(502): CodeIgniter\CodeIgniter->runController(Object(App\Controllers\Lokasi))
12 SYSTEMPATH\CodeIgniter.php(361): CodeIgniter\CodeIgniter->handleRequest(null, Object(Config\Cache), false)
13 FCPATH\index.php(79): CodeIgniter\CodeIgniter->run()
CRITICAL - 2023-12-02 01:31:45 --> syntax error, unexpected ',', expecting variable (T_VARIABLE)
in APPPATH\Controllers\Lokasi.php on line 210.
 1 SYSTEMPATH\Router\Router.php(514): CodeIgniter\Router\AutoRouter->getRoute('Lokasi/rute', 'get')
 2 SYSTEMPATH\Router\Router.php(210): CodeIgniter\Router\Router->autoRoute('Lokasi/rute')
 3 SYSTEMPATH\CodeIgniter.php(823): CodeIgniter\Router\Router->handle('Lokasi/rute')
 4 SYSTEMPATH\CodeIgniter.php(450): CodeIgniter\CodeIgniter->tryToRouteIt(Object(CodeIgniter\Router\RouteCollection))
 5 SYSTEMPATH\CodeIgniter.php(361): CodeIgniter\CodeIgniter->handleRequest(null, Object(Config\Cache), false)
 6 FCPATH\index.php(79): CodeIgniter\CodeIgniter->run()
CRITICAL - 2023-12-02 01:33:08 --> syntax error, unexpected ',', expecting variable (T_VARIABLE)
in APPPATH\Controllers\Lokasi.php on line 210.
 1 SYSTEMPATH\Router\Router.php(514): CodeIgniter\Router\AutoRouter->getRoute('Lokasi/rute', 'get')
 2 SYSTEMPATH\Router\Router.php(210): CodeIgniter\Router\Router->autoRoute('Lokasi/rute')
 3 SYSTEMPATH\CodeIgniter.php(823): CodeIgniter\Router\Router->handle('Lokasi/rute')
 4 SYSTEMPATH\CodeIgniter.php(450): CodeIgniter\CodeIgniter->tryToRouteIt(Object(CodeIgniter\Router\RouteCollection))
 5 SYSTEMPATH\CodeIgniter.php(361): CodeIgniter\CodeIgniter->handleRequest(null, Object(Config\Cache), false)
 6 FCPATH\index.php(79): CodeIgniter\CodeIgniter->run()
INFO - 2023-12-02 02:37:39 --> Session: Class initialized using 'CodeIgniter\Session\Handlers\FileHandler' driver.
INFO - 2023-12-02 02:37:46 --> Session: Class initialized using 'CodeIgniter\Session\Handlers\FileHandler' driver.
INFO - 2023-12-02 02:37:54 --> Session: Class initialized using 'CodeIgniter\Session\Handlers\FileHandler' driver.
CRITICAL - 2023-12-02 02:49:52 --> Undefined variable: value
in APPPATH\Views\Lokasi\v_rute.php on line 64.
 1 APPPATH\Views\Lokasi\v_rute.php(64): CodeIgniter\Debug\Exceptions->errorHandler(8, 'Undefined variable: value', 'C:\\xampp\\htdocs\\GIS_Project_v1.2\\app\\Views\\Lokasi\\v_rute.php', 64, [...])
 2 SYSTEMPATH\View\View.php(228): include('C:\\xampp\\htdocs\\GIS_Project_v1.2\\app\\Views\\Lokasi\\v_rute.php')
 3 SYSTEMPATH\View\View.php(231): CodeIgniter\View\View->CodeIgniter\View\{closure}()
 4 SYSTEMPATH\Common.php(1190): CodeIgniter\View\View->render('/lokasi/v_rute', [], true)
 5 APPPATH\Views\v_template.php(279): view('/lokasi/v_rute')
 6 SYSTEMPATH\View\View.php(228): include('C:\\xampp\\htdocs\\GIS_Project_v1.2\\app\\Views\\v_template.php')
 7 SYSTEMPATH\View\View.php(231): CodeIgniter\View\View->CodeIgniter\View\{closure}()
 8 SYSTEMPATH\Common.php(1190): CodeIgniter\View\View->render('v_template', [], true)
 9 APPPATH\Controllers\Lokasi.php(199): view('v_template', [...])
10 SYSTEMPATH\CodeIgniter.php(942): App\Controllers\Lokasi->rute()
11 SYSTEMPATH\CodeIgniter.php(502): CodeIgniter\CodeIgniter->runController(Object(App\Controllers\Lokasi))
12 SYSTEMPATH\CodeIgniter.php(361): CodeIgniter\CodeIgniter->handleRequest(null, Object(Config\Cache), false)
13 FCPATH\index.php(79): CodeIgniter\CodeIgniter->run()
CRITICAL - 2023-12-02 02:59:01 --> Undefined variable: value
in APPPATH\Views\Lokasi\v_rute.php on line 57.
 1 APPPATH\Views\Lokasi\v_rute.php(57): CodeIgniter\Debug\Exceptions->errorHandler(8, 'Undefined variable: value', 'C:\\xampp\\htdocs\\GIS_Project_v1.2\\app\\Views\\Lokasi\\v_rute.php', 57, [...])
 2 SYSTEMPATH\View\View.php(228): include('C:\\xampp\\htdocs\\GIS_Project_v1.2\\app\\Views\\Lokasi\\v_rute.php')
 3 SYSTEMPATH\View\View.php(231): CodeIgniter\View\View->CodeIgniter\View\{closure}()
 4 SYSTEMPATH\Common.php(1190): CodeIgniter\View\View->render('/lokasi/v_rute', [], true)
 5 APPPATH\Views\v_template.php(279): view('/lokasi/v_rute')
 6 SYSTEMPATH\View\View.php(228): include('C:\\xampp\\htdocs\\GIS_Project_v1.2\\app\\Views\\v_template.php')
 7 SYSTEMPATH\View\View.php(231): CodeIgniter\View\View->CodeIgniter\View\{closure}()
 8 SYSTEMPATH\Common.php(1190): CodeIgniter\View\View->render('v_template', [], true)
 9 APPPATH\Controllers\Lokasi.php(199): view('v_template', [...])
10 SYSTEMPATH\CodeIgniter.php(942): App\Controllers\Lokasi->rute()
11 SYSTEMPATH\CodeIgniter.php(502): CodeIgniter\CodeIgniter->runController(Object(App\Controllers\Lokasi))
12 SYSTEMPATH\CodeIgniter.php(361): CodeIgniter\CodeIgniter->handleRequest(null, Object(Config\Cache), false)
13 FCPATH\index.php(79): CodeIgniter\CodeIgniter->run()
CRITICAL - 2023-12-02 02:59:14 --> Undefined variable: value
in APPPATH\Views\Lokasi\v_rute.php on line 57.
 1 APPPATH\Views\Lokasi\v_rute.php(57): CodeIgniter\Debug\Exceptions->errorHandler(8, 'Undefined variable: value', 'C:\\xampp\\htdocs\\GIS_Project_v1.2\\app\\Views\\Lokasi\\v_rute.php', 57, [...])
 2 SYSTEMPATH\View\View.php(228): include('C:\\xampp\\htdocs\\GIS_Project_v1.2\\app\\Views\\Lokasi\\v_rute.php')
 3 SYSTEMPATH\View\View.php(231): CodeIgniter\View\View->CodeIgniter\View\{closure}()
 4 SYSTEMPATH\Common.php(1190): CodeIgniter\View\View->render('/lokasi/v_rute', [], true)
 5 APPPATH\Views\v_template.php(279): view('/lokasi/v_rute')
 6 SYSTEMPATH\View\View.php(228): include('C:\\xampp\\htdocs\\GIS_Project_v1.2\\app\\Views\\v_template.php')
 7 SYSTEMPATH\View\View.php(231): CodeIgniter\View\View->CodeIgniter\View\{closure}()
 8 SYSTEMPATH\Common.php(1190): CodeIgniter\View\View->render('v_template', [], true)
 9 APPPATH\Controllers\Lokasi.php(199): view('v_template', [...])
10 SYSTEMPATH\CodeIgniter.php(942): App\Controllers\Lokasi->rute()
11 SYSTEMPATH\CodeIgniter.php(502): CodeIgniter\CodeIgniter->runController(Object(App\Controllers\Lokasi))
12 SYSTEMPATH\CodeIgniter.php(361): CodeIgniter\CodeIgniter->handleRequest(null, Object(Config\Cache), false)
13 FCPATH\index.php(79): CodeIgniter\CodeIgniter->run()
CRITICAL - 2023-12-02 02:59:33 --> Undefined variable: value
in APPPATH\Views\Lokasi\v_rute.php on line 62.
 1 APPPATH\Views\Lokasi\v_rute.php(62): CodeIgniter\Debug\Exceptions->errorHandler(8, 'Undefined variable: value', 'C:\\xampp\\htdocs\\GIS_Project_v1.2\\app\\Views\\Lokasi\\v_rute.php', 62, [...])
 2 SYSTEMPATH\View\View.php(228): include('C:\\xampp\\htdocs\\GIS_Project_v1.2\\app\\Views\\Lokasi\\v_rute.php')
 3 SYSTEMPATH\View\View.php(231): CodeIgniter\View\View->CodeIgniter\View\{closure}()
 4 SYSTEMPATH\Common.php(1190): CodeIgniter\View\View->render('/lokasi/v_rute', [], true)
 5 APPPATH\Views\v_template.php(279): view('/lokasi/v_rute')
 6 SYSTEMPATH\View\View.php(228): include('C:\\xampp\\htdocs\\GIS_Project_v1.2\\app\\Views\\v_template.php')
 7 SYSTEMPATH\View\View.php(231): CodeIgniter\View\View->CodeIgniter\View\{closure}()
 8 SYSTEMPATH\Common.php(1190): CodeIgniter\View\View->render('v_template', [], true)
 9 APPPATH\Controllers\Lokasi.php(199): view('v_template', [...])
10 SYSTEMPATH\CodeIgniter.php(942): App\Controllers\Lokasi->rute()
11 SYSTEMPATH\CodeIgniter.php(502): CodeIgniter\CodeIgniter->runController(Object(App\Controllers\Lokasi))
12 SYSTEMPATH\CodeIgniter.php(361): CodeIgniter\CodeIgniter->handleRequest(null, Object(Config\Cache), false)
13 FCPATH\index.php(79): CodeIgniter\CodeIgniter->run()
CRITICAL - 2023-12-02 02:59:49 --> Undefined variable: value
in APPPATH\Views\Lokasi\v_rute.php on line 57.
 1 APPPATH\Views\Lokasi\v_rute.php(57): CodeIgniter\Debug\Exceptions->errorHandler(8, 'Undefined variable: value', 'C:\\xampp\\htdocs\\GIS_Project_v1.2\\app\\Views\\Lokasi\\v_rute.php', 57, [...])
 2 SYSTEMPATH\View\View.php(228): include('C:\\xampp\\htdocs\\GIS_Project_v1.2\\app\\Views\\Lokasi\\v_rute.php')
 3 SYSTEMPATH\View\View.php(231): CodeIgniter\View\View->CodeIgniter\View\{closure}()
 4 SYSTEMPATH\Common.php(1190): CodeIgniter\View\View->render('/lokasi/v_rute', [], true)
 5 APPPATH\Views\v_template.php(279): view('/lokasi/v_rute')
 6 SYSTEMPATH\View\View.php(228): include('C:\\xampp\\htdocs\\GIS_Project_v1.2\\app\\Views\\v_template.php')
 7 SYSTEMPATH\View\View.php(231): CodeIgniter\View\View->CodeIgniter\View\{closure}()
 8 SYSTEMPATH\Common.php(1190): CodeIgniter\View\View->render('v_template', [], true)
 9 APPPATH\Controllers\Lokasi.php(199): view('v_template', [...])
10 SYSTEMPATH\CodeIgniter.php(942): App\Controllers\Lokasi->rute()
11 SYSTEMPATH\CodeIgniter.php(502): CodeIgniter\CodeIgniter->runController(Object(App\Controllers\Lokasi))
12 SYSTEMPATH\CodeIgniter.php(361): CodeIgniter\CodeIgniter->handleRequest(null, Object(Config\Cache), false)
13 FCPATH\index.php(79): CodeIgniter\CodeIgniter->run()
CRITICAL - 2023-12-02 03:01:20 --> Undefined variable: value
in APPPATH\Views\Lokasi\v_rute.php on line 67.
 1 APPPATH\Views\Lokasi\v_rute.php(67): CodeIgniter\Debug\Exceptions->errorHandler(8, 'Undefined variable: value', 'C:\\xampp\\htdocs\\GIS_Project_v1.2\\app\\Views\\Lokasi\\v_rute.php', 67, [...])
 2 SYSTEMPATH\View\View.php(228): include('C:\\xampp\\htdocs\\GIS_Project_v1.2\\app\\Views\\Lokasi\\v_rute.php')
 3 SYSTEMPATH\View\View.php(231): CodeIgniter\View\View->CodeIgniter\View\{closure}()
 4 SYSTEMPATH\Common.php(1190): CodeIgniter\View\View->render('/lokasi/v_rute', [], true)
 5 APPPATH\Views\v_template.php(279): view('/lokasi/v_rute')
 6 SYSTEMPATH\View\View.php(228): include('C:\\xampp\\htdocs\\GIS_Project_v1.2\\app\\Views\\v_template.php')
 7 SYSTEMPATH\View\View.php(231): CodeIgniter\View\View->CodeIgniter\View\{closure}()
 8 SYSTEMPATH\Common.php(1190): CodeIgniter\View\View->render('v_template', [], true)
 9 APPPATH\Controllers\Lokasi.php(199): view('v_template', [...])
10 SYSTEMPATH\CodeIgniter.php(942): App\Controllers\Lokasi->rute()
11 SYSTEMPATH\CodeIgniter.php(502): CodeIgniter\CodeIgniter->runController(Object(App\Controllers\Lokasi))
12 SYSTEMPATH\CodeIgniter.php(361): CodeIgniter\CodeIgniter->handleRequest(null, Object(Config\Cache), false)
13 FCPATH\index.php(79): CodeIgniter\CodeIgniter->run()
CRITICAL - 2023-12-02 03:01:59 --> Undefined variable: value
in APPPATH\Views\Lokasi\v_rute.php on line 57.
 1 APPPATH\Views\Lokasi\v_rute.php(57): CodeIgniter\Debug\Exceptions->errorHandler(8, 'Undefined variable: value', 'C:\\xampp\\htdocs\\GIS_Project_v1.2\\app\\Views\\Lokasi\\v_rute.php', 57, [...])
 2 SYSTEMPATH\View\View.php(228): include('C:\\xampp\\htdocs\\GIS_Project_v1.2\\app\\Views\\Lokasi\\v_rute.php')
 3 SYSTEMPATH\View\View.php(231): CodeIgniter\View\View->CodeIgniter\View\{closure}()
 4 SYSTEMPATH\Common.php(1190): CodeIgniter\View\View->render('/lokasi/v_rute', [], true)
 5 APPPATH\Views\v_template.php(279): view('/lokasi/v_rute')
 6 SYSTEMPATH\View\View.php(228): include('C:\\xampp\\htdocs\\GIS_Project_v1.2\\app\\Views\\v_template.php')
 7 SYSTEMPATH\View\View.php(231): CodeIgniter\View\View->CodeIgniter\View\{closure}()
 8 SYSTEMPATH\Common.php(1190): CodeIgniter\View\View->render('v_template', [], true)
 9 APPPATH\Controllers\Lokasi.php(199): view('v_template', [...])
10 SYSTEMPATH\CodeIgniter.php(942): App\Controllers\Lokasi->rute()
11 SYSTEMPATH\CodeIgniter.php(502): CodeIgniter\CodeIgniter->runController(Object(App\Controllers\Lokasi))
12 SYSTEMPATH\CodeIgniter.php(361): CodeIgniter\CodeIgniter->handleRequest(null, Object(Config\Cache), false)
13 FCPATH\index.php(79): CodeIgniter\CodeIgniter->run()
CRITICAL - 2023-12-02 03:05:29 --> syntax error, unexpected ',', expecting variable (T_VARIABLE)
in APPPATH\Controllers\Lokasi.php on line 210.
 1 SYSTEMPATH\Router\Router.php(514): CodeIgniter\Router\AutoRouter->getRoute('Lokasi/rute', 'get')
 2 SYSTEMPATH\Router\Router.php(210): CodeIgniter\Router\Router->autoRoute('Lokasi/rute')
 3 SYSTEMPATH\CodeIgniter.php(823): CodeIgniter\Router\Router->handle('Lokasi/rute')
 4 SYSTEMPATH\CodeIgniter.php(450): CodeIgniter\CodeIgniter->tryToRouteIt(Object(CodeIgniter\Router\RouteCollection))
 5 SYSTEMPATH\CodeIgniter.php(361): CodeIgniter\CodeIgniter->handleRequest(null, Object(Config\Cache), false)
 6 FCPATH\index.php(79): CodeIgniter\CodeIgniter->run()
CRITICAL - 2023-12-02 03:06:46 --> syntax error, unexpected ',', expecting variable (T_VARIABLE)
in APPPATH\Controllers\Lokasi.php on line 210.
 1 SYSTEMPATH\Router\Router.php(514): CodeIgniter\Router\AutoRouter->getRoute('Lokasi/rute', 'get')
 2 SYSTEMPATH\Router\Router.php(210): CodeIgniter\Router\Router->autoRoute('Lokasi/rute')
 3 SYSTEMPATH\CodeIgniter.php(823): CodeIgniter\Router\Router->handle('Lokasi/rute')
 4 SYSTEMPATH\CodeIgniter.php(450): CodeIgniter\CodeIgniter->tryToRouteIt(Object(CodeIgniter\Router\RouteCollection))
 5 SYSTEMPATH\CodeIgniter.php(361): CodeIgniter\CodeIgniter->handleRequest(null, Object(Config\Cache), false)
 6 FCPATH\index.php(79): CodeIgniter\CodeIgniter->run()
CRITICAL - 2023-12-02 03:08:10 --> syntax error, unexpected ',', expecting variable (T_VARIABLE)
in APPPATH\Controllers\Lokasi.php on line 210.
 1 SYSTEMPATH\Router\Router.php(514): CodeIgniter\Router\AutoRouter->getRoute('Lokasi/rute', 'get')
 2 SYSTEMPATH\Router\Router.php(210): CodeIgniter\Router\Router->autoRoute('Lokasi/rute')
 3 SYSTEMPATH\CodeIgniter.php(823): CodeIgniter\Router\Router->handle('Lokasi/rute')
 4 SYSTEMPATH\CodeIgniter.php(450): CodeIgniter\CodeIgniter->tryToRouteIt(Object(CodeIgniter\Router\RouteCollection))
 5 SYSTEMPATH\CodeIgniter.php(361): CodeIgniter\CodeIgniter->handleRequest(null, Object(Config\Cache), false)
 6 FCPATH\index.php(79): CodeIgniter\CodeIgniter->run()
INFO - 2023-12-02 05:31:42 --> Session: Class initialized using 'CodeIgniter\Session\Handlers\FileHandler' driver.
CRITICAL - 2023-12-02 08:36:28 --> Undefined variable: value
in APPPATH\Views\Lokasi\v_rute2.php on line 59.
 1 APPPATH\Views\Lokasi\v_rute2.php(59): CodeIgniter\Debug\Exceptions->errorHandler(8, 'Undefined variable: value', 'C:\\xampp\\htdocs\\GIS_Project_v1.2\\app\\Views\\Lokasi\\v_rute2.php', 59, [...])
 2 SYSTEMPATH\View\View.php(228): include('C:\\xampp\\htdocs\\GIS_Project_v1.2\\app\\Views\\Lokasi\\v_rute2.php')
 3 SYSTEMPATH\View\View.php(231): CodeIgniter\View\View->CodeIgniter\View\{closure}()
 4 SYSTEMPATH\Common.php(1190): CodeIgniter\View\View->render('lokasi/v_rute2', [], true)
 5 APPPATH\Views\v_template.php(278): view('lokasi/v_rute2')
 6 SYSTEMPATH\View\View.php(228): include('C:\\xampp\\htdocs\\GIS_Project_v1.2\\app\\Views\\v_template.php')
 7 SYSTEMPATH\View\View.php(231): CodeIgniter\View\View->CodeIgniter\View\{closure}()
 8 SYSTEMPATH\Common.php(1190): CodeIgniter\View\View->render('v_template', [], true)
 9 APPPATH\Controllers\Lokasi.php(208): view('v_template', [...])
10 SYSTEMPATH\CodeIgniter.php(942): App\Controllers\Lokasi->rute2()
11 SYSTEMPATH\CodeIgniter.php(502): CodeIgniter\CodeIgniter->runController(Object(App\Controllers\Lokasi))
12 SYSTEMPATH\CodeIgniter.php(361): CodeIgniter\CodeIgniter->handleRequest(null, Object(Config\Cache), false)
13 FCPATH\index.php(79): CodeIgniter\CodeIgniter->run()
CRITICAL - 2023-12-02 08:36:43 --> Undefined variable: value
in APPPATH\Views\Lokasi\v_rute2.php on line 59.
 1 APPPATH\Views\Lokasi\v_rute2.php(59): CodeIgniter\Debug\Exceptions->errorHandler(8, 'Undefined variable: value', 'C:\\xampp\\htdocs\\GIS_Project_v1.2\\app\\Views\\Lokasi\\v_rute2.php', 59, [...])
 2 SYSTEMPATH\View\View.php(228): include('C:\\xampp\\htdocs\\GIS_Project_v1.2\\app\\Views\\Lokasi\\v_rute2.php')
 3 SYSTEMPATH\View\View.php(231): CodeIgniter\View\View->CodeIgniter\View\{closure}()
 4 SYSTEMPATH\Common.php(1190): CodeIgniter\View\View->render('lokasi/v_rute2', [], true)
 5 APPPATH\Views\v_template.php(278): view('lokasi/v_rute2')
 6 SYSTEMPATH\View\View.php(228): include('C:\\xampp\\htdocs\\GIS_Project_v1.2\\app\\Views\\v_template.php')
 7 SYSTEMPATH\View\View.php(231): CodeIgniter\View\View->CodeIgniter\View\{closure}()
 8 SYSTEMPATH\Common.php(1190): CodeIgniter\View\View->render('v_template', [], true)
 9 APPPATH\Controllers\Lokasi.php(208): view('v_template', [...])
10 SYSTEMPATH\CodeIgniter.php(942): App\Controllers\Lokasi->rute2()
11 SYSTEMPATH\CodeIgniter.php(502): CodeIgniter\CodeIgniter->runController(Object(App\Controllers\Lokasi))
12 SYSTEMPATH\CodeIgniter.php(361): CodeIgniter\CodeIgniter->handleRequest(null, Object(Config\Cache), false)
13 FCPATH\index.php(79): CodeIgniter\CodeIgniter->run()
CRITICAL - 2023-12-02 09:45:33 --> Undefined variable: value
in APPPATH\Views\Lokasi\v_rute2.php on line 76.
 1 APPPATH\Views\Lokasi\v_rute2.php(76): CodeIgniter\Debug\Exceptions->errorHandler(8, 'Undefined variable: value', 'C:\\xampp\\htdocs\\GIS_Project_v1.2\\app\\Views\\Lokasi\\v_rute2.php', 76, [...])
 2 SYSTEMPATH\View\View.php(228): include('C:\\xampp\\htdocs\\GIS_Project_v1.2\\app\\Views\\Lokasi\\v_rute2.php')
 3 SYSTEMPATH\View\View.php(231): CodeIgniter\View\View->CodeIgniter\View\{closure}()
 4 SYSTEMPATH\Common.php(1190): CodeIgniter\View\View->render('lokasi/v_rute2', [], true)
 5 APPPATH\Views\v_template.php(278): view('lokasi/v_rute2')
 6 SYSTEMPATH\View\View.php(228): include('C:\\xampp\\htdocs\\GIS_Project_v1.2\\app\\Views\\v_template.php')
 7 SYSTEMPATH\View\View.php(231): CodeIgniter\View\View->CodeIgniter\View\{closure}()
 8 SYSTEMPATH\Common.php(1190): CodeIgniter\View\View->render('v_template', [], true)
 9 APPPATH\Controllers\Lokasi.php(208): view('v_template', [...])
10 SYSTEMPATH\CodeIgniter.php(942): App\Controllers\Lokasi->rute2()
11 SYSTEMPATH\CodeIgniter.php(502): CodeIgniter\CodeIgniter->runController(Object(App\Controllers\Lokasi))
12 SYSTEMPATH\CodeIgniter.php(361): CodeIgniter\CodeIgniter->handleRequest(null, Object(Config\Cache), false)
13 FCPATH\index.php(79): CodeIgniter\CodeIgniter->run()
CRITICAL - 2023-12-02 09:45:45 --> Undefined variable: value
in APPPATH\Views\Lokasi\v_rute2.php on line 76.
 1 APPPATH\Views\Lokasi\v_rute2.php(76): CodeIgniter\Debug\Exceptions->errorHandler(8, 'Undefined variable: value', 'C:\\xampp\\htdocs\\GIS_Project_v1.2\\app\\Views\\Lokasi\\v_rute2.php', 76, [...])
 2 SYSTEMPATH\View\View.php(228): include('C:\\xampp\\htdocs\\GIS_Project_v1.2\\app\\Views\\Lokasi\\v_rute2.php')
 3 SYSTEMPATH\View\View.php(231): CodeIgniter\View\View->CodeIgniter\View\{closure}()
 4 SYSTEMPATH\Common.php(1190): CodeIgniter\View\View->render('lokasi/v_rute2', [], true)
 5 APPPATH\Views\v_template.php(278): view('lokasi/v_rute2')
 6 SYSTEMPATH\View\View.php(228): include('C:\\xampp\\htdocs\\GIS_Project_v1.2\\app\\Views\\v_template.php')
 7 SYSTEMPATH\View\View.php(231): CodeIgniter\View\View->CodeIgniter\View\{closure}()
 8 SYSTEMPATH\Common.php(1190): CodeIgniter\View\View->render('v_template', [], true)
 9 APPPATH\Controllers\Lokasi.php(208): view('v_template', [...])
10 SYSTEMPATH\CodeIgniter.php(942): App\Controllers\Lokasi->rute2()
11 SYSTEMPATH\CodeIgniter.php(502): CodeIgniter\CodeIgniter->runController(Object(App\Controllers\Lokasi))
12 SYSTEMPATH\CodeIgniter.php(361): CodeIgniter\CodeIgniter->handleRequest(null, Object(Config\Cache), false)
13 FCPATH\index.php(79): CodeIgniter\CodeIgniter->run()
CRITICAL - 2023-12-02 09:46:20 --> Undefined variable: value
in APPPATH\Views\Lokasi\v_rute2.php on line 77.
 1 APPPATH\Views\Lokasi\v_rute2.php(77): CodeIgniter\Debug\Exceptions->errorHandler(8, 'Undefined variable: value', 'C:\\xampp\\htdocs\\GIS_Project_v1.2\\app\\Views\\Lokasi\\v_rute2.php', 77, [...])
 2 SYSTEMPATH\View\View.php(228): include('C:\\xampp\\htdocs\\GIS_Project_v1.2\\app\\Views\\Lokasi\\v_rute2.php')
 3 SYSTEMPATH\View\View.php(231): CodeIgniter\View\View->CodeIgniter\View\{closure}()
 4 SYSTEMPATH\Common.php(1190): CodeIgniter\View\View->render('lokasi/v_rute2', [], true)
 5 APPPATH\Views\v_template.php(278): view('lokasi/v_rute2')
 6 SYSTEMPATH\View\View.php(228): include('C:\\xampp\\htdocs\\GIS_Project_v1.2\\app\\Views\\v_template.php')
 7 SYSTEMPATH\View\View.php(231): CodeIgniter\View\View->CodeIgniter\View\{closure}()
 8 SYSTEMPATH\Common.php(1190): CodeIgniter\View\View->render('v_template', [], true)
 9 APPPATH\Controllers\Lokasi.php(208): view('v_template', [...])
10 SYSTEMPATH\CodeIgniter.php(942): App\Controllers\Lokasi->rute2()
11 SYSTEMPATH\CodeIgniter.php(502): CodeIgniter\CodeIgniter->runController(Object(App\Controllers\Lokasi))
12 SYSTEMPATH\CodeIgniter.php(361): CodeIgniter\CodeIgniter->handleRequest(null, Object(Config\Cache), false)
13 FCPATH\index.php(79): CodeIgniter\CodeIgniter->run()
CRITICAL - 2023-12-02 09:48:23 --> Undefined variable: value
in APPPATH\Views\Lokasi\v_rute2.php on line 59.
 1 APPPATH\Views\Lokasi\v_rute2.php(59): CodeIgniter\Debug\Exceptions->errorHandler(8, 'Undefined variable: value', 'C:\\xampp\\htdocs\\GIS_Project_v1.2\\app\\Views\\Lokasi\\v_rute2.php', 59, [...])
 2 SYSTEMPATH\View\View.php(228): include('C:\\xampp\\htdocs\\GIS_Project_v1.2\\app\\Views\\Lokasi\\v_rute2.php')
 3 SYSTEMPATH\View\View.php(231): CodeIgniter\View\View->CodeIgniter\View\{closure}()
 4 SYSTEMPATH\Common.php(1190): CodeIgniter\View\View->render('lokasi/v_rute2', [], true)
 5 APPPATH\Views\v_template.php(278): view('lokasi/v_rute2')
 6 SYSTEMPATH\View\View.php(228): include('C:\\xampp\\htdocs\\GIS_Project_v1.2\\app\\Views\\v_template.php')
 7 SYSTEMPATH\View\View.php(231): CodeIgniter\View\View->CodeIgniter\View\{closure}()
 8 SYSTEMPATH\Common.php(1190): CodeIgniter\View\View->render('v_template', [], true)
 9 APPPATH\Controllers\Lokasi.php(208): view('v_template', [...])
10 SYSTEMPATH\CodeIgniter.php(942): App\Controllers\Lokasi->rute2()
11 SYSTEMPATH\CodeIgniter.php(502): CodeIgniter\CodeIgniter->runController(Object(App\Controllers\Lokasi))
12 SYSTEMPATH\CodeIgniter.php(361): CodeIgniter\CodeIgniter->handleRequest(null, Object(Config\Cache), false)
13 FCPATH\index.php(79): CodeIgniter\CodeIgniter->run()
CRITICAL - 2023-12-02 09:48:34 --> Undefined variable: value
in APPPATH\Views\Lokasi\v_rute2.php on line 59.
 1 APPPATH\Views\Lokasi\v_rute2.php(59): CodeIgniter\Debug\Exceptions->errorHandler(8, 'Undefined variable: value', 'C:\\xampp\\htdocs\\GIS_Project_v1.2\\app\\Views\\Lokasi\\v_rute2.php', 59, [...])
 2 SYSTEMPATH\View\View.php(228): include('C:\\xampp\\htdocs\\GIS_Project_v1.2\\app\\Views\\Lokasi\\v_rute2.php')
 3 SYSTEMPATH\View\View.php(231): CodeIgniter\View\View->CodeIgniter\View\{closure}()
 4 SYSTEMPATH\Common.php(1190): CodeIgniter\View\View->render('lokasi/v_rute2', [], true)
 5 APPPATH\Views\v_template.php(278): view('lokasi/v_rute2')
 6 SYSTEMPATH\View\View.php(228): include('C:\\xampp\\htdocs\\GIS_Project_v1.2\\app\\Views\\v_template.php')
 7 SYSTEMPATH\View\View.php(231): CodeIgniter\View\View->CodeIgniter\View\{closure}()
 8 SYSTEMPATH\Common.php(1190): CodeIgniter\View\View->render('v_template', [], true)
 9 APPPATH\Controllers\Lokasi.php(208): view('v_template', [...])
10 SYSTEMPATH\CodeIgniter.php(942): App\Controllers\Lokasi->rute2()
11 SYSTEMPATH\CodeIgniter.php(502): CodeIgniter\CodeIgniter->runController(Object(App\Controllers\Lokasi))
12 SYSTEMPATH\CodeIgniter.php(361): CodeIgniter\CodeIgniter->handleRequest(null, Object(Config\Cache), false)
13 FCPATH\index.php(79): CodeIgniter\CodeIgniter->run()
CRITICAL - 2023-12-02 09:50:44 --> Undefined variable: value
in APPPATH\Views\Lokasi\v_rute2.php on line 59.
 1 APPPATH\Views\Lokasi\v_rute2.php(59): CodeIgniter\Debug\Exceptions->errorHandler(8, 'Undefined variable: value', 'C:\\xampp\\htdocs\\GIS_Project_v1.2\\app\\Views\\Lokasi\\v_rute2.php', 59, [...])
 2 SYSTEMPATH\View\View.php(228): include('C:\\xampp\\htdocs\\GIS_Project_v1.2\\app\\Views\\Lokasi\\v_rute2.php')
 3 SYSTEMPATH\View\View.php(231): CodeIgniter\View\View->CodeIgniter\View\{closure}()
 4 SYSTEMPATH\Common.php(1190): CodeIgniter\View\View->render('lokasi/v_rute2', [], true)
 5 APPPATH\Views\v_template.php(278): view('lokasi/v_rute2')
 6 SYSTEMPATH\View\View.php(228): include('C:\\xampp\\htdocs\\GIS_Project_v1.2\\app\\Views\\v_template.php')
 7 SYSTEMPATH\View\View.php(231): CodeIgniter\View\View->CodeIgniter\View\{closure}()
 8 SYSTEMPATH\Common.php(1190): CodeIgniter\View\View->render('v_template', [], true)
 9 APPPATH\Controllers\Lokasi.php(208): view('v_template', [...])
10 SYSTEMPATH\CodeIgniter.php(942): App\Controllers\Lokasi->rute2()
11 SYSTEMPATH\CodeIgniter.php(502): CodeIgniter\CodeIgniter->runController(Object(App\Controllers\Lokasi))
12 SYSTEMPATH\CodeIgniter.php(361): CodeIgniter\CodeIgniter->handleRequest(null, Object(Config\Cache), false)
13 FCPATH\index.php(79): CodeIgniter\CodeIgniter->run()
INFO - 2023-12-02 11:40:56 --> Session: Class initialized using 'CodeIgniter\Session\Handlers\FileHandler' driver.
INFO - 2023-12-02 11:41:04 --> Session: Class initialized using 'CodeIgniter\Session\Handlers\FileHandler' driver.
INFO - 2023-12-02 11:41:16 --> Session: Class initialized using 'CodeIgniter\Session\Handlers\FileHandler' driver.
